Log file open, 10/01/18 16:28:01
LogWindows: Failed to load 'aqProf.dll' (GetLastError=126)
LogWindows: File 'aqProf.dll' does not exist
LogWindows: Failed to load 'VSPerf140.dll' (GetLastError=126)
LogWindows: File 'VSPerf140.dll' does not exist
LogWindows: Failed to load 'VtuneApi.dll' (GetLastError=126)
LogWindows: File 'VtuneApi.dll' does not exist
LogWindows: Failed to load 'VtuneApi32e.dll' (GetLastError=126)
LogWindows: File 'VtuneApi32e.dll' does not exist
LogInit: Display: Running engine for game: GunMan
LogPlatformFile: Not using cached read wrapper
LogTaskGraph: Started task graph with 5 named threads and 11 total threads with 3 sets of task threads.
LogStats: Stats thread started at 0.200504
LogD3D11RHI: Loaded GFSDK_Aftermath_Lib.x64.dll
LogICUInternationalization: Display: ICU TimeZone Detection - Raw Offset: -8:00, Platform Override: ''
LogPluginManager: Mounting plugin Paper2D
LogPluginManager: Mounting plugin AISupport
LogPluginManager: Mounting plugin LightPropagationVolume
LogPluginManager: Mounting plugin CLionSourceCodeAccess
LogPluginManager: Mounting plugin CodeLiteSourceCodeAccess
LogPluginManager: Mounting plugin GitSourceControl
LogPluginManager: Mounting plugin KDevelopSourceCodeAccess
LogPluginManager: Mounting plugin NullSourceCodeAccess
LogPluginManager: Mounting plugin PerforceSourceControl
LogPluginManager: Mounting plugin SubversionSourceControl
LogPluginManager: Mounting plugin UObjectPlugin
LogPluginManager: Mounting plugin VisualStudioCodeSourceCodeAccess
LogPluginManager: Mounting plugin VisualStudioSourceCodeAccess
LogPluginManager: Mounting plugin XCodeSourceCodeAccess
LogPluginManager: Mounting plugin AssetManagerEditor
LogPluginManager: Mounting plugin CryptoKeys
LogPluginManager: Mounting plugin DataValidation
LogPluginManager: Mounting plugin EditorScriptingUtilities
LogPluginManager: Mounting plugin FacialAnimation
LogPluginManager: Mounting plugin GameplayTagsEditor
LogPluginManager: Mounting plugin MacGraphicsSwitching
LogPluginManager: Mounting plugin MeshEditor
LogPluginManager: Mounting plugin MobileLauncherProfileWizard
LogPluginManager: Mounting plugin PluginBrowser
LogPluginManager: Mounting plugin SpeedTreeImporter
LogPluginManager: Mounting plugin DatasmithContent
LogPluginManager: Mounting plugin AlembicImporter
LogPluginManager: Mounting plugin AppleImageUtils
LogPluginManager: Mounting plugin AppleVision
LogPluginManager: Mounting plugin BackChannel
LogPluginManager: Mounting plugin CharacterAI
LogPluginManager: Mounting plugin GeometryCache
LogPluginManager: Mounting plugin HTML5Networking
LogPluginManager: Mounting plugin ProxyLODPlugin
LogPluginManager: Mounting plugin MagicLeap
LogPluginManager: Mounting plugin MagicLeapEmulator
LogPluginManager: Mounting plugin MagicLeapMedia
LogPluginManager: Mounting plugin AndroidMedia
LogPluginManager: Mounting plugin AvfMedia
LogPluginManager: Mounting plugin ImgMedia
LogPluginManager: Mounting plugin LinearTimecode
LogPluginManager: Mounting plugin MediaCompositing
LogPluginManager: Mounting plugin MediaPlayerEditor
LogPluginManager: Mounting plugin WmfMedia
LogPluginManager: Mounting plugin TcpMessaging
LogPluginManager: Mounting plugin UdpMessaging
LogPluginManager: Mounting plugin ActorSequence
LogPluginManager: Mounting plugin LevelSequenceEditor
LogPluginManager: Mounting plugin MatineeToLevelSequence
LogPluginManager: Mounting plugin NetcodeUnitTest
LogPluginManager: Mounting plugin NUTUnrealEngine4
LogPluginManager: Mounting plugin OnlineSubsystemGooglePlay
LogPluginManager: Mounting plugin OnlineSubsystemIOS
LogPluginManager: Mounting plugin OnlineSubsystem
LogPluginManager: Mounting plugin OnlineSubsystemNull
LogPluginManager: Mounting plugin OnlineSubsystemUtils
LogPluginManager: Mounting plugin LauncherChunkInstaller
LogPluginManager: Mounting plugin AndroidDeviceProfileSelector
LogPluginManager: Mounting plugin AndroidMoviePlayer
LogPluginManager: Mounting plugin AndroidPermission
LogPluginManager: Mounting plugin AppleMoviePlayer
LogPluginManager: Mounting plugin ArchVisCharacter
LogPluginManager: Mounting plugin AudioCapture
LogPluginManager: Mounting plugin CableComponent
LogPluginManager: Mounting plugin CustomMeshComponent
LogPluginManager: Mounting plugin EditableMesh
LogPluginManager: Mounting plugin ExampleDeviceProfileSelector
LogPluginManager: Mounting plugin GoogleCloudMessaging
LogPluginManager: Mounting plugin ImmediatePhysics
LogPluginManager: Mounting plugin IOSDeviceProfileSelector
LogPluginManager: Mounting plugin LinuxDeviceProfileSelector
LogPluginManager: Mounting plugin LocationServicesBPLibrary
LogPluginManager: Mounting plugin MobilePatchingUtils
LogPluginManager: Mounting plugin OculusVR
LogPluginManager: Plugin shader directory ../../../Engine/Plugins/Runtime/Oculus/OculusVR/Shaders found
LogPluginManager: Mapping shader source directory ../../../Engine/Plugins/Runtime/Oculus/OculusVR/Shaders to virtual directory /Plugin/OculusVR
LogPluginManager: Mounting plugin PhysXVehicles
LogPluginManager: Mounting plugin ProceduralMeshComponent
LogPluginManager: Mounting plugin RuntimePhysXCooking
LogPluginManager: Mounting plugin SteamVR
LogPluginManager: Mounting plugin WindowsMoviePlayer
LogPluginManager: Mounting plugin DatasmithCADImporter
LogPluginManager: Mounting plugin DatasmithFBXImporter
LogPluginManager: Mounting plugin DatasmithImporter
LogPluginManager: Mounting plugin DatasmithMDLImporter
LogPluginManager: Mounting plugin StaticMeshEditorExtension
LogStreaming: Display: Took  0.133s to configure plugins.
LogInit: Using libcurl 7.55.1-DEV
LogInit:  - built for x86_64-pc-win32
LogInit:  - supports SSL with OpenSSL/1.0.2h
LogInit:  - supports HTTP deflate (compression) using libz 1.2.8
LogInit:  - other features:
LogInit:      CURL_VERSION_SSL
LogInit:      CURL_VERSION_LIBZ
LogInit:      CURL_VERSION_IPV6
LogInit:      CURL_VERSION_ASYNCHDNS
LogInit:      CURL_VERSION_LARGEFILE
LogInit:      CURL_VERSION_IDN
LogInit:  CurlRequestOptions (configurable via config and command line):
LogInit:  - bVerifyPeer = false  - Libcurl will NOT verify peer certificate
LogInit:  - bUseHttpProxy = false  - Libcurl will NOT use HTTP proxy
LogInit:  - bDontReuseConnections = false  - Libcurl will reuse connections
LogInit:  - CertBundlePath = nullptr  - Libcurl will use whatever was configured at build time.
LogInit:  - MaxHostConnections = 16  - Libcurl will limit the number of connections to a host
LogInit:  - LocalHostAddr = Default
LogInit:  - BufferSize = 65536
LogInit: WinSock: version 1.1 (2.2), MaxSocks=32767, MaxUdp=65467
LogInit: Build: ++UE4+Release-4.20-CL-4302132
LogInit: Engine Version: 4.20.2-4302132+++UE4+Release-4.20
LogInit: Compatible Engine Version: 4.20.0-4212847+++UE4+Release-4.20
LogInit: Net CL: 4212847
LogInit: OS: Windows 7 (Service Pack 1), CPU: Intel(R) Core(TM) i3-4005U CPU @ 1.70GHz, GPU: Intel(R) HD Graphics Family
LogInit: Compiled (64-bit): Aug 21 2018 02:06:06
LogInit: Compiled with Visual C++: 19.13.26129.00
LogInit: Build Configuration: Development
LogInit: Branch Name: ++UE4+Release-4.20
LogInit: Command Line: 
LogInit: Base Directory: C:/Program Files/Epic Games/UE_4.20/Engine/Binaries/Win64/
LogInit: Installed Engine Build: 1
LogDevObjectVersion: Number of dev versions registered: 20
LogDevObjectVersion:   Dev-Blueprints (B0D832E4-1F89-4F0D-ACCF-7EB736FD4AA2): 10
LogDevObjectVersion:   Dev-Build (E1C64328-A22C-4D53-A36C-8E866417BD8C): 0
LogDevObjectVersion:   Dev-Core (375EC13C-06E4-48FB-B500-84F0262A717E): 2
LogDevObjectVersion:   Dev-Editor (E4B068ED-F494-42E9-A231-DA0B2E46BB41): 24
LogDevObjectVersion:   Dev-Framework (CFFC743F-43B0-4480-9391-14DF171D2073): 34
LogDevObjectVersion:   Dev-Mobile (B02B49B5-BB20-44E9-A304-32B752E40360): 2
LogDevObjectVersion:   Dev-Networking (A4E4105C-59A1-49B5-A7C5-40C4547EDFEE): 0
LogDevObjectVersion:   Dev-Online (39C831C9-5AE6-47DC-9A44-9C173E1C8E7C): 0
LogDevObjectVersion:   Dev-Physics (78F01B33-EBEA-4F98-B9B4-84EACCB95AA2): 0
LogDevObjectVersion:   Dev-Platform (6631380F-2D4D-43E0-8009-CF276956A95A): 0
LogDevObjectVersion:   Dev-Rendering (12F88B9F-8875-4AFC-A67C-D90C383ABD29): 26
LogDevObjectVersion:   Dev-Sequencer (7B5AE74C-D270-4C10-A958-57980B212A5A): 9
LogDevObjectVersion:   Dev-VR (D7296918-1DD6-4BDD-9DE2-64A83CC13884): 2
LogDevObjectVersion:   Dev-LoadTimes (C2A15278-BFE7-4AFE-6C17-90FF531DF755): 1
LogDevObjectVersion:   Private-Geometry (6EACA3D4-40EC-4CC1-B786-8BED09428FC5): 3
LogDevObjectVersion:   Dev-AnimPhys (29E575DD-E0A3-4627-9D10-D276232CDCEA): 17
LogDevObjectVersion:   Dev-ReflectionCapture (6B266CEC-1EC7-4B8F-A30B-E4D90942FC07): 1
LogDevObjectVersion:   Dev-Automation (0DF73D61-A23F-47EA-B727-89E90C41499A): 1
LogDevObjectVersion:   FortniteMain (601D1886-AC64-4F84-AA16-D3DE0DEAC7D6): 12
LogDevObjectVersion:   Dev-Enterprise (9DFFBCD6-494F-0158-E221-12823C92A888): 1
LogStreaming: Display: Took  0.000s to delete old logs.
LogInit: Presizing for max 8388607 objects, including 0 objects not considered by GC, pre-allocating 0 bytes for permanent pool.
LogInit: Object subsystem initialized
[2018.10.01-23.28.01:657][  0]LogInit: Selected Device Profile: [Windows]
[2018.10.01-23.28.01:657][  0]LogInit: Applying CVar settings loaded from the selected device profile: [Windows]
[2018.10.01-23.28.01:668][  0]LogHAL: Display: Platform has ~ 4 GB [4218077184 / 4294967296 / 4], which maps to Smallest [LargestMinGB=32, LargerMinGB=12, DefaultMinGB=8, SmallerMinGB=6, SmallestMinGB=0)
[2018.10.01-23.28.01:669][  0]LogInit: Setting Device Profile CVar: [[r.Vulkan.UseRealUBs:1]]
[2018.10.01-23.28.01:669][  0]LogInit: Going up to parent DeviceProfile []
[2018.10.01-23.28.01:669][  0]LogInit: Computer: SUTTERPEAK14-HP
[2018.10.01-23.28.01:669][  0]LogInit: User: Student
[2018.10.01-23.28.01:669][  0]LogInit: CPU Page size=4096, Cores=2
[2018.10.01-23.28.01:669][  0]LogInit: High frequency timer resolution =1.656347 MHz
[2018.10.01-23.28.01:670][  0]LogMemory: Memory total: Physical=3.9GB (4GB approx)
[2018.10.01-23.28.01:670][  0]LogMemory: Platform Memory Stats for Windows
[2018.10.01-23.28.01:670][  0]LogMemory: Process Physical Memory: 100.77 MB used, 100.77 MB peak
[2018.10.01-23.28.01:670][  0]LogMemory: Process Virtual Memory: 86.30 MB used, 86.30 MB peak
[2018.10.01-23.28.01:670][  0]LogMemory: Physical Memory: 2874.28 MB used,  1148.39 MB free, 4022.67 MB total
[2018.10.01-23.28.01:670][  0]LogMemory: Virtual Memory: 470.58 MB used,  1148.39 MB free, 8388608.00 MB total
[2018.10.01-23.28.01:707][  0]LogInit: Using OS detected language (en-US).
[2018.10.01-23.28.01:707][  0]LogInit: Using OS detected locale (en-US).
[2018.10.01-23.28.01:707][  0]LogTextLocalizationManager: No specific localization for 'en-US' exists, so the 'en' localization will be used.
[2018.10.01-23.28.02:487][  0]LogStreaming: Display: Took  0.781s to InitEngineTextLocalization.
[2018.10.01-23.28.02:488][  0]LogWindows: Failed to load 'shcore.dll' (GetLastError=126)
[2018.10.01-23.28.02:488][  0]LogWindows: File 'shcore.dll' does not exist
[2018.10.01-23.28.02:488][  0]LogInit: Setting process to DPI aware
[2018.10.01-23.28.02:536][  0]LogSlate: New Slate User Created.  User Index 0, Is Virtual User: 0
[2018.10.01-23.28.02:536][  0]LogSlate: Slate User Registered.  User Index 0, Is Virtual User: 0
[2018.10.01-23.28.02:897][  0]LogHMD: Failed to initialize OpenVR with code 110
[2018.10.01-23.28.02:897][  0]LogD3D11RHI: D3D11 adapters:
[2018.10.01-23.28.02:909][  0]LogD3D11RHI:    0. 'Intel(R) HD Graphics Family' (Feature Level 11_0)
[2018.10.01-23.28.02:909][  0]LogD3D11RHI:       64/0/1632 MB DedicatedVideo/DedicatedSystem/SharedSystem, Outputs:1, VendorId:0x8086
[2018.10.01-23.28.02:909][  0]LogD3D11RHI: Chosen D3D11 Adapter: 0
[2018.10.01-23.28.02:919][  0]LogD3D11RHI: Creating new Direct3DDevice
[2018.10.01-23.28.02:919][  0]LogD3D11RHI:     GPU DeviceId: 0xa16 (for the marketing name, search the web for "GPU Device Id")
[2018.10.01-23.28.02:919][  0]LogWindows: EnumDisplayDevices:
[2018.10.01-23.28.02:920][  0]LogWindows:    0. 'Intel(R) HD Graphics Family' (P:1 D:1)
[2018.10.01-23.28.02:920][  0]LogWindows:    1. 'Intel(R) HD Graphics Family' (P:0 D:0)
[2018.10.01-23.28.02:920][  0]LogWindows:    2. 'Intel(R) HD Graphics Family' (P:0 D:0)
[2018.10.01-23.28.02:920][  0]LogWindows:    3. 'RDPDD Chained DD' (P:0 D:0)
[2018.10.01-23.28.02:920][  0]LogWindows:    4. 'RDP Encoder Mirror Driver' (P:0 D:0)
[2018.10.01-23.28.02:921][  0]LogWindows:    5. 'RDP Reflector Display Driver' (P:0 D:0)
[2018.10.01-23.28.02:921][  0]LogWindows: DebugString: GetVideoDriverDetailsInvalid PrimaryIsNotTheChoosenAdapter GetVideoDriverDetailsInvalid PrimaryIsNotTheChoosenAdapter GetVideoDriverDetailsInvalid PrimaryIsNotTheChoosenAdapter FoundDriverCount:3 
[2018.10.01-23.28.02:921][  0]LogD3D11RHI:     Adapter Name: Intel(R) HD Graphics Family
[2018.10.01-23.28.02:921][  0]LogD3D11RHI:   Driver Version: 10.18.14.4112 (internal:10.18.14.4112, unified:10.18.14.4112)
[2018.10.01-23.28.02:921][  0]LogD3D11RHI:      Driver Date: 2-2-2015
[2018.10.01-23.28.02:921][  0]LogRHI: Texture pool is 616 MB (70% of 880 MB)
[2018.10.01-23.28.02:930][  0]LogD3D11RHI: Async texture creation enabled
[2018.10.01-23.28.02:941][  0]LogD3D11RHI: GPU Timing Frequency: 12.500000 (Debug: 2 0)
[2018.10.01-23.28.02:942][  0]LogShaderCompilers: Guid format shader working directory is -16 characters bigger than the processId version (../../../../../../Users/Student.SutterPeak14-HP/Documents/Unreal Projects/GunMan/Intermediate/Shaders/WorkingDirectory/6968/).
[2018.10.01-23.28.02:942][  0]LogShaderCompilers: Cleaned the shader compiler working directory 'C:/Users/Student.SutterPeak14-HP/AppData/Local/Temp/UnrealShaderWorkingDir/0847C60B4421B7203D2B7CB52C8F0B63/'.
[2018.10.01-23.28.03:664][  0]LogTemp: Display: Loaded TP AllDesktopTargetPlatform
[2018.10.01-23.28.03:696][  0]LogTemp: Display: Loaded TP MacClientTargetPlatform
[2018.10.01-23.28.03:725][  0]LogTemp: Display: Loaded TP MacNoEditorTargetPlatform
[2018.10.01-23.28.03:751][  0]LogTemp: Display: Loaded TP MacServerTargetPlatform
[2018.10.01-23.28.03:778][  0]LogTemp: Display: Loaded TP MacTargetPlatform
[2018.10.01-23.28.03:804][  0]LogTemp: Display: Loaded TP WindowsClientTargetPlatform
[2018.10.01-23.28.03:830][  0]LogTemp: Display: Loaded TP WindowsNoEditorTargetPlatform
[2018.10.01-23.28.03:856][  0]LogTemp: Display: Loaded TP WindowsServerTargetPlatform
[2018.10.01-23.28.03:868][  0]LogTemp: Display: Loaded TP WindowsTargetPlatform
[2018.10.01-23.28.04:032][  0]LogTemp: Display: Loaded TP AndroidTargetPlatform
[2018.10.01-23.28.04:032][  0]LogTemp: Display: Loaded TP AndroidTargetPlatform
[2018.10.01-23.28.04:032][  0]LogTemp: Display: Loaded TP AndroidTargetPlatform
[2018.10.01-23.28.04:032][  0]LogTemp: Display: Loaded TP AndroidTargetPlatform
[2018.10.01-23.28.04:032][  0]LogTemp: Display: Loaded TP AndroidTargetPlatform
[2018.10.01-23.28.04:032][  0]LogTemp: Display: Loaded TP AndroidTargetPlatform
[2018.10.01-23.28.04:032][  0]LogTemp: Display: Loaded TP AndroidTargetPlatform
[2018.10.01-23.28.04:032][  0]LogTemp: Display: Loaded TP AndroidTargetPlatform
[2018.10.01-23.28.04:032][  0]LogTemp: Display: Loaded TP AndroidTargetPlatform
[2018.10.01-23.28.04:032][  0]LogTemp: Display: Loaded TP AndroidTargetPlatform
[2018.10.01-23.28.04:032][  0]LogTemp: Display: Loaded TP AndroidTargetPlatform
[2018.10.01-23.28.04:032][  0]LogTemp: Display: Loaded TP AndroidTargetPlatform
[2018.10.01-23.28.04:032][  0]LogTemp: Display: Loaded TP AndroidTargetPlatform
[2018.10.01-23.28.04:032][  0]LogTemp: Display: Loaded TP AndroidTargetPlatform
[2018.10.01-23.28.04:032][  0]LogTemp: Display: Loaded TP AndroidTargetPlatform
[2018.10.01-23.28.04:032][  0]LogTemp: Display: Loaded TP AndroidTargetPlatform
[2018.10.01-23.28.04:032][  0]LogTemp: Display: Loaded TP AndroidTargetPlatform
[2018.10.01-23.28.04:032][  0]LogTemp: Display: Loaded TP AndroidTargetPlatform
[2018.10.01-23.28.04:034][  0]LogTemp: Display: Loaded TP HTML5TargetPlatform
[2018.10.01-23.28.04:117][  0]LogTemp: Display: Loaded TP IOSTargetPlatform
[2018.10.01-23.28.04:117][  0]LogTemp: Display: Loaded TP IOSTargetPlatform
[2018.10.01-23.28.04:164][  0]LogTemp: Display: Loaded TP TVOSTargetPlatform
[2018.10.01-23.28.04:164][  0]LogTemp: Display: Loaded TP TVOSTargetPlatform
[2018.10.01-23.28.04:188][  0]LogTemp: Display: Loaded TP LinuxClientTargetPlatform
[2018.10.01-23.28.04:211][  0]LogTemp: Display: Loaded TP LinuxNoEditorTargetPlatform
[2018.10.01-23.28.04:235][  0]LogTemp: Display: Loaded TP LinuxServerTargetPlatform
[2018.10.01-23.28.04:260][  0]LogTemp: Display: Loaded TP LinuxTargetPlatform
[2018.10.01-23.28.04:277][  0]LogTemp: Display: Loaded TP LuminTargetPlatform
[2018.10.01-23.28.04:277][  0]LogTargetPlatformManager: Display: Building Assets For Windows
[2018.10.01-23.28.04:356][  0]LogXGEController: Cannot use XGE Controller as Incredibuild is not installed on this machine.
[2018.10.01-23.28.04:356][  0]LogShaderCompilers: Cannot use XGE Shader Compiler as Incredibuild is not installed on this machine.
[2018.10.01-23.28.04:356][  0]LogShaderCompilers: Display: Using Local Shader Compiler.
[2018.10.01-23.28.05:847][  0]LogDerivedDataCache: Display: Max Cache Size: 512 MB
[2018.10.01-23.28.06:007][  0]LogDerivedDataCache: Loaded boot cache 0.16s 72MB C:/Users/Student.SutterPeak14-HP/AppData/Local/UnrealEngine/4.20/DerivedDataCache/Boot.ddc.
[2018.10.01-23.28.06:008][  0]LogDerivedDataCache: Display: Loaded Boot cache: C:/Users/Student.SutterPeak14-HP/AppData/Local/UnrealEngine/4.20/DerivedDataCache/Boot.ddc
[2018.10.01-23.28.06:008][  0]LogDerivedDataCache: FDerivedDataBackendGraph:  Pak pak cache file ../../../../../../Users/Student.SutterPeak14-HP/Documents/Unreal Projects/GunMan/DerivedDataCache/DDC.ddp not found, will not use a pak cache.
[2018.10.01-23.28.06:008][  0]LogDerivedDataCache: Unable to find inner node Pak for hierarchical cache Hierarchy.
[2018.10.01-23.28.06:008][  0]LogDerivedDataCache: FDerivedDataBackendGraph:  CompressedPak pak cache file ../../../../../../Users/Student.SutterPeak14-HP/Documents/Unreal Projects/GunMan/DerivedDataCache/Compressed.ddp not found, will not use a pak cache.
[2018.10.01-23.28.06:008][  0]LogDerivedDataCache: Unable to find inner node CompressedPak for hierarchical cache Hierarchy.
[2018.10.01-23.28.06:033][  0]LogDerivedDataCache: Display: Pak cache opened for reading ../../../Engine/DerivedDataCache/Compressed.ddp.
[2018.10.01-23.28.06:045][  0]LogDerivedDataCache: Using Local data cache path C:/Users/Student.SutterPeak14-HP/AppData/Local/UnrealEngine/Common/DerivedDataCache: Writable
[2018.10.01-23.28.06:045][  0]LogDerivedDataCache: Shared data cache path not found in *engine.ini, will not use an Shared cache.
[2018.10.01-23.28.06:045][  0]LogDerivedDataCache: Unable to find inner node Shared for hierarchical cache Hierarchy.
[2018.10.01-23.28.06:085][  0]LogMaterial: Verifying Global Shaders for PCD3D_SM5
[2018.10.01-23.28.06:088][  0]LogSlate: Using FreeType 2.6.0
[2018.10.01-23.28.06:089][  0]LogSlate: SlateFontServices - WITH_FREETYPE: 1, WITH_HARFBUZZ: 1
[2018.10.01-23.28.06:230][  0]LogAssetRegistry: FAssetRegistry took 0.0339 seconds to start up
[2018.10.01-23.28.06:890][  0]LogInit: Selected Device Profile: [Windows]
[2018.10.01-23.28.07:152][  0]LogSimplygon: Simplygon DLL not present - disabling.
[2018.10.01-23.28.07:157][  0]LogMeshReduction: Using SimplygonSwarm for distributed automatic mesh merging
[2018.10.01-23.28.07:157][  0]LogMeshReduction: Using ProxyLODMeshReduction for automatic mesh merging
[2018.10.01-23.28.07:157][  0]LogMeshReduction: Using QuadricMeshReduction for automatic static mesh reduction
[2018.10.01-23.28.07:157][  0]LogMeshReduction: No automatic skeletal mesh reduction module available
[2018.10.01-23.28.07:184][  0]LogNetVersion: GunMan 1.0.0, NetCL: 4212847, EngineNetVer: 5, GameNetVer: 0 (Checksum: 1318103990)
[2018.10.01-23.28.08:285][  0]LogPackageLocalizationCache: Processed 13 localized package path(s) for 2 prioritized culture(s) in 0.168198 seconds
[2018.10.01-23.28.08:296][  0]LogUObjectArray: 38425 objects as part of root set at end of initial load.
[2018.10.01-23.28.08:296][  0]LogUObjectAllocator: 6690872 out of 0 bytes used by permanent object pool.
[2018.10.01-23.28.08:296][  0]LogUObjectArray: CloseDisregardForGC: 0/0 objects in disregard for GC pool
[2018.10.01-23.28.09:784][  0]LogTcpMessaging: Initializing TcpMessaging bridge
[2018.10.01-23.28.09:819][  0]LogUdpMessaging: Initializing bridge on interface 0.0.0.0:0 to multicast group 230.0.0.1:6666.
[2018.10.01-23.28.10:035][  0]SourceControl: Source control is disabled
[2018.10.01-23.28.10:035][  0]SourceControl: Source control is disabled
[2018.10.01-23.28.10:036][  0]SourceControl: Source control is disabled
[2018.10.01-23.28.10:037][  0]SourceControl: Source control is disabled
[2018.10.01-23.28.10:437][  0]LogAndroidPermission: UAndroidPermissionCallbackProxy::GetInstance
[2018.10.01-23.28.10:506][  0]LogOcInput: OculusInput pre-init called
[2018.10.01-23.28.16:484][  0]LogEngine: Initializing Engine...
[2018.10.01-23.28.16:485][  0]LogHMD: Failed to initialize OpenVR with code 110
[2018.10.01-23.28.16:487][  0]LogStats: UGameplayTagsManager::ConstructGameplayTagTree: ImportINI prefixes -  0.000 s
[2018.10.01-23.28.16:487][  0]LogStats: UGameplayTagsManager::ConstructGameplayTagTree: Construct from data asset -  0.000 s
[2018.10.01-23.28.16:488][  0]LogStats: UGameplayTagsManager::ConstructGameplayTagTree: ImportINI -  0.000 s
[2018.10.01-23.28.16:488][  0]LogStats: UGameplayTagsManager::ConstructGameplayTagTree: GameplayTagTreeChangedEvent.Broadcast -  0.000 s
[2018.10.01-23.28.17:029][  0]LogInit: Initializing FReadOnlyCVARCache
[2018.10.01-23.28.17:141][  0]LogAIModule: Creating AISystem for world Untitled
[2018.10.01-23.28.17:169][  0]LogInit: XAudio2 using 'Speaker/HP (Realtek High Definition Audio)' : 2 channels at 48 kHz using 32 bits per sample (channel mask 0x3)
[2018.10.01-23.28.17:257][  0]LogInit: FAudioDevice initialized.
[2018.10.01-23.28.17:258][  0]LogNetVersion: Set ProjectVersion to 1.0.0.0. Version Checksum will be recalculated on next use.
[2018.10.01-23.28.17:985][  0]LogDerivedDataCache: Saved boot cache 0.73s 72MB C:/Users/Student.SutterPeak14-HP/AppData/Local/UnrealEngine/4.20/DerivedDataCache/Boot.ddc.
[2018.10.01-23.28.17:986][  0]LogInit: Texture streaming: Enabled
[2018.10.01-23.28.18:029][  0]LogEngineSessionManager: EngineSessionManager initialized
[2018.10.01-23.28.18:045][  0]LogInit: Transaction tracking system initialized
[2018.10.01-23.28.18:077][  0]BlueprintLog: New page: Editor Load
[2018.10.01-23.28.18:272][  0]LocalizationService: Localization service is disabled
[2018.10.01-23.28.19:588][  0]LogCook: Display: Max memory allowance for cook 16384mb min free memory 0mb
[2018.10.01-23.28.19:588][  0]LogCook: Display: Mobile HDR setting 1
[2018.10.01-23.28.19:588][  0]LogGameplayTags: Display: UGameplayTagsManager::DoneAddingNativeTags. DelegateIsBound: 0
[2018.10.01-23.28.19:588][  0]LogStats: UGameplayTagsManager::ConstructGameplayTagTree: ImportINI prefixes -  0.000 s
[2018.10.01-23.28.19:588][  0]LogStats: UGameplayTagsManager::ConstructGameplayTagTree: Construct from data asset -  0.000 s
[2018.10.01-23.28.19:588][  0]LogStats: UGameplayTagsManager::ConstructGameplayTagTree: ImportINI -  0.000 s
[2018.10.01-23.28.19:588][  0]LogStats: UGameplayTagsManager::ConstructGameplayTagTree: GameplayTagTreeChangedEvent.Broadcast -  0.000 s
[2018.10.01-23.28.20:333][  0]LogFileCache: Scanning file cache for directory 'C:/Users/Student.SutterPeak14-HP/Documents/Unreal Projects/GunMan/Content/' took 0.01s
[2018.10.01-23.28.23:323][  0]SourceControl: Source control is disabled
[2018.10.01-23.28.23:323][  0]Cmd: MAP LOAD FILE="../../../../../../Users/Student.SutterPeak14-HP/Documents/Unreal Projects/GunMan/Content/ThirdPersonBP/Maps/ThirdPersonExampleMap.umap" TEMPLATE=0 SHOWPROGRESS=1 FEATURELEVEL=3
[2018.10.01-23.28.23:323][  0]LightingResults: New page: Lighting Build
[2018.10.01-23.28.23:327][  0]MapCheck: New page: Map Check
[2018.10.01-23.28.23:327][  0]LightingResults: New page: Lighting Build
[2018.10.01-23.28.29:085][  0]LogAIModule: Creating AISystem for world ThirdPersonExampleMap
[2018.10.01-23.28.29:186][  0]LogEditorServer: Finished looking for orphan Actors (0.000 secs)
[2018.10.01-23.28.29:226][  0]Cmd: MAP CHECKDEP NOCLEARLOG
[2018.10.01-23.28.29:323][  0]MapCheck: Map check complete: 0 Error(s), 0 Warning(s), took 96.8ms to complete.
[2018.10.01-23.28.29:323][  0]LogFileHelpers: Loading map 'ThirdPersonExampleMap' took 6.001
[2018.10.01-23.28.29:692][  0]LogSlate: Updating window title bar state: overlay mode, drag disabled, window buttons hidden, title bar hidden
[2018.10.01-23.28.29:707][  0]LogSlate: Updating window title bar state: overlay mode, drag disabled, window buttons hidden, title bar hidden
[2018.10.01-23.28.29:722][  0]LogSlate: Updating window title bar state: overlay mode, drag disabled, window buttons hidden, title bar hidden
[2018.10.01-23.28.29:735][  0]LogSlate: Updating window title bar state: overlay mode, drag disabled, window buttons hidden, title bar hidden
[2018.10.01-23.28.29:743][  0]LogCollectionManager: Loaded 0 collections in 0.001737 seconds
[2018.10.01-23.28.29:894][  0]LogFileCache: Scanning file cache for directory 'C:/Users/Student.SutterPeak14-HP/Documents/Unreal Projects/GunMan/Saved/Collections/' took 0.01s
[2018.10.01-23.28.29:894][  0]LogFileCache: Scanning file cache for directory 'C:/Users/Student.SutterPeak14-HP/Documents/Unreal Projects/GunMan/Content/Developers/Student/Collections/' took 0.01s
[2018.10.01-23.28.29:894][  0]LogFileCache: Scanning file cache for directory 'C:/Users/Student.SutterPeak14-HP/Documents/Unreal Projects/GunMan/Content/Collections/' took 0.01s
[2018.10.01-23.28.29:894][  0]LogCollectionManager: Rebuilt the GUID cache for 0 collections in 0.000001 seconds
[2018.10.01-23.28.29:920][  0]LogContentBrowser: Native class hierarchy populated in 0.0257 seconds. Added 2621 classes and 629 folders.
[2018.10.01-23.28.29:930][  0]LogContentBrowser: Native class hierarchy updated for 'WidgetCarousel' in 0.0005 seconds. Added 0 classes and 0 folders.
[2018.10.01-23.28.29:983][  0]LogContentBrowser: Native class hierarchy updated for 'AddContentDialog' in 0.0004 seconds. Added 0 classes and 0 folders.
[2018.10.01-23.28.30:014][  0]LogContentBrowser: Native class hierarchy updated for 'SceneOutliner' in 0.0005 seconds. Added 1 classes and 2 folders.
[2018.10.01-23.28.30:036][  0]LogSlate: Took 0.000235 seconds to synchronously load lazily loaded font '../../../Engine/Content/Slate/Fonts/Roboto-Regular.ttf' (155K)
[2018.10.01-23.28.30:039][  0]LogSlate: Took 0.000196 seconds to synchronously load lazily loaded font '../../../Engine/Content/Slate/Fonts/Roboto-Bold.ttf' (160K)
[2018.10.01-23.28.30:162][  0]LogSlate: Took 0.112421 seconds to synchronously load lazily loaded font '../../../Engine/Content/Editor/Slate/Fonts/FontAwesome.ttf' (139K)
[2018.10.01-23.28.30:442][  0]LogRenderer: Reallocating scene render targets to support 856x372 Format 9 NumSamples 1 (Frame:1).
[2018.10.01-23.28.31:319][  0]LogContentBrowser: Native class hierarchy updated for 'HierarchicalLODOutliner' in 0.0004 seconds. Added 0 classes and 0 folders.
[2018.10.01-23.28.31:319][  0]LogLoad: (Engine Initialization) Total time: 31.49 seconds
[2018.10.01-23.28.31:319][  0]LogLoad: (Engine Initialization) Total Blueprint compile time: 0.00 seconds
[2018.10.01-23.28.31:397][  0]LogContentStreaming: Texture pool size now 400 MB
[2018.10.01-23.28.31:601][  0]LogSlate: Took 0.000418 seconds to synchronously load lazily loaded font '../../../Engine/Content/Slate/Fonts/Roboto-Light.ttf' (167K)
[2018.10.01-23.28.46:644][510]LogAssetRegistry: Asset discovery search completed in 40.4352 seconds
[2018.10.01-23.28.46:655][510]LogCollectionManager: Rebuilt the object cache for 0 collections in 0.000001 seconds (found 0 objects)
[2018.10.01-23.28.46:656][510]LogCollectionManager: Fixed up redirectors for 0 collections in 0.000135 seconds (updated 0 objects)
[2018.10.01-23.29.02:190][ 80]LogSlate: FSceneViewport::OnFocusLost() reason 0
[2018.10.01-23.29.10:877][537]LogEditorViewport: Clicking on Actor (LMB): StaticMeshActor (Floor)
[2018.10.01-23.29.13:695][591]LogSlate: FSceneViewport::OnFocusLost() reason 0
[2018.10.01-23.30.19:097][503]LogD3D11RHI: Timed out while waiting for GPU to catch up. (0.5 s)
[2018.10.01-23.49.12:688][873]LogSlate: Took 0.000529 seconds to synchronously load lazily loaded font '../../../Engine/Content/Slate/Fonts/Roboto-Light.ttf' (167K)
[2018.10.01-23.49.12:864][873]LogFactory: FactoryCreateFile: StaticMesh with FbxFactory (0 0 ../../../../../../Users/Student.SutterPeak14-HP/Desktop/Human.fbx)
[2018.10.01-23.49.13:260][873]LogFbx: Loading FBX Scene from ../../../../../../Users/Student.SutterPeak14-HP/Desktop/Human.fbx
[2018.10.01-23.49.13:452][873]LogFbx: FBX Scene Loaded Succesfully
[2018.10.01-23.49.17:768][873]LogSlate: Window 'FBX Import Options' being destroyed
[2018.10.02-00.01.27:237][399]LogFactory: FactoryCreateFile: StaticMesh with FbxFactory (0 0 ../../../../../../Users/Student.SutterPeak14-HP/Downloads/Idle.fbx)
[2018.10.02-00.01.27:529][399]LogFbx: Loading FBX Scene from ../../../../../../Users/Student.SutterPeak14-HP/Downloads/Idle.fbx
[2018.10.02-00.01.27:921][399]LogFbx: FBX Scene Loaded Succesfully
[2018.10.02-00.01.35:867][399]LogSlate: Window 'FBX Import Options' being destroyed
[2018.10.02-00.01.36:197][399]LogFbx: =================================================
[2018.10.02-00.01.36:197][399]LogFbx: Dumping Node START [skinCluster1Set] 
[2018.10.02-00.01.36:197][399]LogFbx: 	Total Deformer Count 1006910288.
[2018.10.02-00.01.36:197][399]LogFbx: 		[Node 1] Skin (Type Skin).
[2018.10.02-00.01.36:197][399]LogFbx: =================================================
[2018.10.02-00.01.36:197][399]LogFbx: 	Attribute (skinCluster1Setmesh) Type (4).
[2018.10.02-00.01.36:197][399]LogFbx: 		[Node Attribute Child 1] skinCluster1Set (Type Mesh).
[2018.10.02-00.01.36:198][399]LogFbx: Dumping Node END [skinCluster1Set]
[2018.10.02-00.01.36:198][399]LogFbx: =================================================
[2018.10.02-00.01.36:198][399]LogFbx: Dumping Node START [Dummy_Mesh] 
[2018.10.02-00.01.36:198][399]LogFbx: 	Total Deformer Count 1060055744.
[2018.10.02-00.01.36:198][399]LogFbx: 		[Node 1] Skin (Type Skin).
[2018.10.02-00.01.36:198][399]LogFbx: =================================================
[2018.10.02-00.01.36:198][399]LogFbx: 	Attribute (Dummy_Meshmesh) Type (4).
[2018.10.02-00.01.36:198][399]LogFbx: 		[Node Attribute Child 1] Dummy_Mesh (Type Mesh).
[2018.10.02-00.01.36:198][399]LogFbx: Dumping Node END [Dummy_Mesh]
[2018.10.02-00.01.36:198][399]LogFbx: =================================================
[2018.10.02-00.01.36:199][399]LogFbx: Dumping Node START [skinCluster1Set] 
[2018.10.02-00.01.36:199][399]LogFbx: 	Total Deformer Count 1006910608.
[2018.10.02-00.01.36:199][399]LogFbx: 		[Node 1] Skin (Type Skin).
[2018.10.02-00.01.36:199][399]LogFbx: =================================================
[2018.10.02-00.01.36:199][399]LogFbx: 	Attribute (skinCluster1Setmesh) Type (4).
[2018.10.02-00.01.36:199][399]LogFbx: 		[Node Attribute Child 1] skinCluster1Set (Type Mesh).
[2018.10.02-00.01.36:199][399]LogFbx: Dumping Node END [skinCluster1Set]
[2018.10.02-00.01.36:282][399]LogFbx: =================================================
[2018.10.02-00.01.36:282][399]LogFbx: Dumping Node START [Dummy_Mesh] 
[2018.10.02-00.01.36:282][399]LogFbx: 	Total Deformer Count 1060054592.
[2018.10.02-00.01.36:282][399]LogFbx: 		[Node 1] Skin (Type Skin).
[2018.10.02-00.01.36:282][399]LogFbx: =================================================
[2018.10.02-00.01.36:282][399]LogFbx: 	Attribute (Dummy_Meshmesh) Type (4).
[2018.10.02-00.01.36:282][399]LogFbx: 		[Node Attribute Child 1] Dummy_Mesh (Type Mesh).
[2018.10.02-00.01.36:282][399]LogFbx: Dumping Node END [Dummy_Mesh]
[2018.10.02-00.01.36:357][399]LogFbx: Valid bind pose for Pose (BindPose) - Dummy_Mesh
[2018.10.02-00.01.36:416][399]LogFbx: Triangulating skeletal mesh Dummy_Mesh
[2018.10.02-00.01.38:124][399]LogFbx: Warning: Bones digested - 65  Depth of hierarchy - 12
[2018.10.02-00.01.39:410][399]LogSkeletalMesh: Section 0: 4319 vertices, 52 active bones
[2018.10.02-00.01.39:457][399]LogSkeletalMesh: Section 0: Material=0, 4236 triangles
[2018.10.02-00.01.39:636][399]LogSkeletalMesh: Building Skeletal Mesh Idle...
[2018.10.02-00.01.39:845][399]LogSkeletalMesh: Built Skeletal Mesh [0.21s] /Game/ThirdPersonBP/Char/Idle.Idle
[2018.10.02-00.01.40:337][399]LogLinker: Can't find file '/Game/ThirdPersonBP/Char/Idle_Skeleton'
[2018.10.02-00.01.40:354][399]LogLinker: Can't find file '/Game/ThirdPersonBP/Char/Idle_Skeleton'
[2018.10.02-00.01.40:675][399]LogLinker: Can't find file '/Game/ThirdPersonBP/Char/Idle_PhysicsAsset'
[2018.10.02-00.01.40:692][399]LogLinker: Can't find file '/Game/ThirdPersonBP/Char/Idle_PhysicsAsset'
[2018.10.02-00.01.46:588][399]LogFbx: =================================================
[2018.10.02-00.01.46:588][399]LogFbx: Dumping Node START [skinCluster1Set] 
[2018.10.02-00.01.46:588][399]LogFbx: 	Total Deformer Count 440203152.
[2018.10.02-00.01.46:588][399]LogFbx: 		[Node 1] Skin (Type Skin).
[2018.10.02-00.01.46:588][399]LogFbx: =================================================
[2018.10.02-00.01.46:589][399]LogFbx: 	Attribute (skinCluster1Setmesh) Type (4).
[2018.10.02-00.01.46:589][399]LogFbx: 		[Node Attribute Child 1] skinCluster1Set (Type Mesh).
[2018.10.02-00.01.46:589][399]LogFbx: Dumping Node END [skinCluster1Set]
[2018.10.02-00.01.46:589][399]LogFbx: =================================================
[2018.10.02-00.01.46:589][399]LogFbx: Dumping Node START [Dummy_Mesh] 
[2018.10.02-00.01.46:589][399]LogFbx: 	Total Deformer Count 1060047168.
[2018.10.02-00.01.46:589][399]LogFbx: 		[Node 1] Skin (Type Skin).
[2018.10.02-00.01.46:589][399]LogFbx: =================================================
[2018.10.02-00.01.46:589][399]LogFbx: 	Attribute (Dummy_Meshmesh) Type (4).
[2018.10.02-00.01.46:589][399]LogFbx: 		[Node Attribute Child 1] Dummy_Mesh (Type Mesh).
[2018.10.02-00.01.46:589][399]LogFbx: Dumping Node END [Dummy_Mesh]
[2018.10.02-00.01.46:589][399]LogFbx: =================================================
[2018.10.02-00.01.46:589][399]LogFbx: Dumping Node START [skinCluster1Set] 
[2018.10.02-00.01.46:589][399]LogFbx: 	Total Deformer Count 440204912.
[2018.10.02-00.01.46:590][399]LogFbx: 		[Node 1] Skin (Type Skin).
[2018.10.02-00.01.46:590][399]LogFbx: =================================================
[2018.10.02-00.01.46:590][399]LogFbx: 	Attribute (skinCluster1Setmesh) Type (4).
[2018.10.02-00.01.46:590][399]LogFbx: 		[Node Attribute Child 1] skinCluster1Set (Type Mesh).
[2018.10.02-00.01.46:590][399]LogFbx: Dumping Node END [skinCluster1Set]
[2018.10.02-00.01.46:590][399]LogFbx: =================================================
[2018.10.02-00.01.46:701][399]LogFbx: Dumping Node START [Dummy_Mesh] 
[2018.10.02-00.01.46:702][399]LogFbx: 	Total Deformer Count 1060045120.
[2018.10.02-00.01.46:702][399]LogFbx: 		[Node 1] Skin (Type Skin).
[2018.10.02-00.01.46:702][399]LogFbx: =================================================
[2018.10.02-00.01.46:702][399]LogFbx: 	Attribute (Dummy_Meshmesh) Type (4).
[2018.10.02-00.01.46:702][399]LogFbx: 		[Node Attribute Child 1] Dummy_Mesh (Type Mesh).
[2018.10.02-00.01.46:702][399]LogFbx: Dumping Node END [Dummy_Mesh]
[2018.10.02-00.01.46:850][399]LogFbx: SortedLinks :(0) Hips
[2018.10.02-00.01.46:850][399]LogFbx: SortedLinks :(1) Spine
[2018.10.02-00.01.46:851][399]LogFbx: SortedLinks :(2) Spine1
[2018.10.02-00.01.46:851][399]LogFbx: SortedLinks :(3) Spine2
[2018.10.02-00.01.46:851][399]LogFbx: SortedLinks :(4) Neck
[2018.10.02-00.01.46:851][399]LogFbx: SortedLinks :(5) Head
[2018.10.02-00.01.46:851][399]LogFbx: SortedLinks :(6) HeadTop_End
[2018.10.02-00.01.46:851][399]LogFbx: SortedLinks :(7) LeftShoulder
[2018.10.02-00.01.46:851][399]LogFbx: SortedLinks :(8) LeftArm
[2018.10.02-00.01.46:851][399]LogFbx: SortedLinks :(9) LeftForeArm
[2018.10.02-00.01.46:851][399]LogFbx: SortedLinks :(10) LeftHand
[2018.10.02-00.01.46:852][399]LogFbx: SortedLinks :(11) LeftHandThumb1
[2018.10.02-00.01.46:852][399]LogFbx: SortedLinks :(12) LeftHandThumb2
[2018.10.02-00.01.46:852][399]LogFbx: SortedLinks :(13) LeftHandThumb3
[2018.10.02-00.01.46:852][399]LogFbx: SortedLinks :(14) LeftHandThumb4
[2018.10.02-00.01.46:852][399]LogFbx: SortedLinks :(15) LeftHandIndex1
[2018.10.02-00.01.46:852][399]LogFbx: SortedLinks :(16) LeftHandIndex2
[2018.10.02-00.01.46:852][399]LogFbx: SortedLinks :(17) LeftHandIndex3
[2018.10.02-00.01.46:852][399]LogFbx: SortedLinks :(18) LeftHandIndex4
[2018.10.02-00.01.46:852][399]LogFbx: SortedLinks :(19) LeftHandMiddle1
[2018.10.02-00.01.46:852][399]LogFbx: SortedLinks :(20) LeftHandMiddle2
[2018.10.02-00.01.46:852][399]LogFbx: SortedLinks :(21) LeftHandMiddle3
[2018.10.02-00.01.46:852][399]LogFbx: SortedLinks :(22) LeftHandMiddle4
[2018.10.02-00.01.46:852][399]LogFbx: SortedLinks :(23) LeftHandRing1
[2018.10.02-00.01.46:852][399]LogFbx: SortedLinks :(24) LeftHandRing2
[2018.10.02-00.01.46:852][399]LogFbx: SortedLinks :(25) LeftHandRing3
[2018.10.02-00.01.46:852][399]LogFbx: SortedLinks :(26) LeftHandRing4
[2018.10.02-00.01.46:852][399]LogFbx: SortedLinks :(27) LeftHandPinky1
[2018.10.02-00.01.46:852][399]LogFbx: SortedLinks :(28) LeftHandPinky2
[2018.10.02-00.01.46:852][399]LogFbx: SortedLinks :(29) LeftHandPinky3
[2018.10.02-00.01.46:853][399]LogFbx: SortedLinks :(30) LeftHandPinky4
[2018.10.02-00.01.46:853][399]LogFbx: SortedLinks :(31) RightShoulder
[2018.10.02-00.01.46:853][399]LogFbx: SortedLinks :(32) RightArm
[2018.10.02-00.01.46:853][399]LogFbx: SortedLinks :(33) RightForeArm
[2018.10.02-00.01.46:853][399]LogFbx: SortedLinks :(34) RightHand
[2018.10.02-00.01.46:853][399]LogFbx: SortedLinks :(35) RightHandThumb1
[2018.10.02-00.01.46:853][399]LogFbx: SortedLinks :(36) RightHandThumb2
[2018.10.02-00.01.46:853][399]LogFbx: SortedLinks :(37) RightHandThumb3
[2018.10.02-00.01.46:853][399]LogFbx: SortedLinks :(38) RightHandThumb4
[2018.10.02-00.01.46:853][399]LogFbx: SortedLinks :(39) RightHandIndex1
[2018.10.02-00.01.46:853][399]LogFbx: SortedLinks :(40) RightHandIndex2
[2018.10.02-00.01.46:853][399]LogFbx: SortedLinks :(41) RightHandIndex3
[2018.10.02-00.01.46:853][399]LogFbx: SortedLinks :(42) RightHandIndex4
[2018.10.02-00.01.46:853][399]LogFbx: SortedLinks :(43) RightHandMiddle1
[2018.10.02-00.01.46:853][399]LogFbx: SortedLinks :(44) RightHandMiddle2
[2018.10.02-00.01.46:853][399]LogFbx: SortedLinks :(45) RightHandMiddle3
[2018.10.02-00.01.46:853][399]LogFbx: SortedLinks :(46) RightHandMiddle4
[2018.10.02-00.01.46:853][399]LogFbx: SortedLinks :(47) RightHandRing1
[2018.10.02-00.01.46:853][399]LogFbx: SortedLinks :(48) RightHandRing2
[2018.10.02-00.01.46:853][399]LogFbx: SortedLinks :(49) RightHandRing3
[2018.10.02-00.01.46:853][399]LogFbx: SortedLinks :(50) RightHandRing4
[2018.10.02-00.01.46:853][399]LogFbx: SortedLinks :(51) RightHandPinky1
[2018.10.02-00.01.46:853][399]LogFbx: SortedLinks :(52) RightHandPinky2
[2018.10.02-00.01.46:853][399]LogFbx: SortedLinks :(53) RightHandPinky3
[2018.10.02-00.01.46:853][399]LogFbx: SortedLinks :(54) RightHandPinky4
[2018.10.02-00.01.46:853][399]LogFbx: SortedLinks :(55) LeftUpLeg
[2018.10.02-00.01.46:853][399]LogFbx: SortedLinks :(56) LeftLeg
[2018.10.02-00.01.46:853][399]LogFbx: SortedLinks :(57) LeftFoot
[2018.10.02-00.01.46:853][399]LogFbx: SortedLinks :(58) LeftToeBase
[2018.10.02-00.01.46:853][399]LogFbx: SortedLinks :(59) LeftToe_End
[2018.10.02-00.01.46:853][399]LogFbx: SortedLinks :(60) RightUpLeg
[2018.10.02-00.01.46:853][399]LogFbx: SortedLinks :(61) RightLeg
[2018.10.02-00.01.46:853][399]LogFbx: SortedLinks :(62) RightFoot
[2018.10.02-00.01.46:854][399]LogFbx: SortedLinks :(63) RightToeBase
[2018.10.02-00.01.46:854][399]LogFbx: SortedLinks :(64) RightToe_End
[2018.10.02-00.01.46:986][399]LogFbx: Parsing AnimStack mixamo.com
[2018.10.02-00.01.48:690][399]LogLinker: Can't find file '/Game/ThirdPersonBP/Char/Idle_Anim'
[2018.10.02-00.01.48:700][399]LogLinker: Can't find file '/Game/ThirdPersonBP/Char/Idle_Anim'
[2018.10.02-00.01.51:563][399]LogD3D11RHI: Timed out while waiting for GPU to catch up. (0.5 s)
[2018.10.02-00.01.53:207][399]LogAnimationCompression: Building Anim DDC data for AnimSequence /Game/ThirdPersonBP/Char/Idle_Anim.Idle_Anim
[2018.10.02-00.01.54:012][399]LogAnimationCompression: Recompressing (AnimSequence /Engine/Transient.Idle_Anim) using current/default (AnimCompress_BitwiseCompressOnly_0) bFirstRecompressUsingCurrentOrDefault(1) bTryAlternateCompressor(0) IsCompressedDataValid(0)
[2018.10.02-00.02.00:186][399]LogSkeletalMesh: Building Skeletal Mesh Idle...
[2018.10.02-00.02.00:257][399]LogSkeletalMesh: Built Skeletal Mesh [0.07s] /Game/ThirdPersonBP/Char/Idle.Idle
[2018.10.02-00.02.00:326][399]FBXImport: Warning: Ignoring mesh skinCluster1Set because it but no weights. 
[2018.10.02-00.02.00:326][399]FBXImport: Warning: No smoothing group information was found in this FBX scene.  Please make sure to enable the 'Export Smoothing Groups' option in the FBX Exporter plug-in before exporting the file.  Even for tools that don't support smoothing groups, the FBX Exporter will generate appropriate smoothing data at export-time so that correct vertex normals can be inferred while importing. 
[2018.10.02-00.02.00:326][399]FBXImport: Warning: Ignoring mesh skinCluster1Set because it but no weights. 
[2018.10.02-00.02.00:723][399]LogSkeletalMesh: Building Skeletal Mesh Idle...
[2018.10.02-00.02.00:761][399]LogSkeletalMesh: Built Skeletal Mesh [0.04s] /Game/ThirdPersonBP/Char/Idle.Idle
[2018.10.02-00.02.06:715][400]LogFileHelpers: Editor autosave (incl. sublevels) for '/Game/ThirdPersonBP/Maps/ThirdPersonExampleMap' took 2.121
[2018.10.02-00.02.07:131][400]OBJ SavePackage: Generating thumbnails for [1] asset(s) in package [/Game/ThirdPersonBP/Char/Idle] ([1] browsable assets)...
[2018.10.02-00.02.08:741][400]OBJ SavePackage:     Rendered thumbnail for [SkeletalMesh /Game/ThirdPersonBP/Char/Idle.Idle]
[2018.10.02-00.02.08:742][400]OBJ SavePackage: Finished generating thumbnails for package [/Game/ThirdPersonBP/Char/Idle]
[2018.10.02-00.02.09:642][400]LogSavePackage: Moving '../../../../../../Users/Student.SutterPeak14-HP/Documents/Unreal Projects/GunMan/Saved/Idle_Auto1914BA99C4EB33FB212E3A483AFE0FF16.tmp' to '../../../../../../Users/Student.SutterPeak14-HP/Documents/Unreal Projects/GunMan/Saved/Autosaves/Game/ThirdPersonBP/Char/Idle_Auto1.uasset'
[2018.10.02-00.02.09:681][400]OBJ SavePackage: Generating thumbnails for [0] asset(s) in package [/Game/ThirdPersonBP/Char/Idle_Skeleton] ([1] browsable assets)...
[2018.10.02-00.02.09:682][400]OBJ SavePackage: Finished generating thumbnails for package [/Game/ThirdPersonBP/Char/Idle_Skeleton]
[2018.10.02-00.02.09:708][400]LogSavePackage: Moving '../../../../../../Users/Student.SutterPeak14-HP/Documents/Unreal Projects/GunMan/Saved/Idle_Skeleton_Auto19DD99E174817D482283071BC6E0A78FE.tmp' to '../../../../../../Users/Student.SutterPeak14-HP/Documents/Unreal Projects/GunMan/Saved/Autosaves/Game/ThirdPersonBP/Char/Idle_Skeleton_Auto1.uasset'
[2018.10.02-00.02.09:715][400]OBJ SavePackage: Generating thumbnails for [1] asset(s) in package [/Game/ThirdPersonBP/Char/Idle_PhysicsAsset] ([1] browsable assets)...
[2018.10.02-00.02.09:956][400]OBJ SavePackage:     Rendered thumbnail for [PhysicsAsset /Game/ThirdPersonBP/Char/Idle_PhysicsAsset.Idle_PhysicsAsset]
[2018.10.02-00.02.09:957][400]OBJ SavePackage: Finished generating thumbnails for package [/Game/ThirdPersonBP/Char/Idle_PhysicsAsset]
[2018.10.02-00.02.10:303][400]LogSavePackage: Moving '../../../../../../Users/Student.SutterPeak14-HP/Documents/Unreal Projects/GunMan/Saved/Idle_PhysicsAsset_Auto1F93891D548BAC6A69CD33F995F318AB0.tmp' to '../../../../../../Users/Student.SutterPeak14-HP/Documents/Unreal Projects/GunMan/Saved/Autosaves/Game/ThirdPersonBP/Char/Idle_PhysicsAsset_Auto1.uasset'
[2018.10.02-00.02.10:310][400]OBJ SavePackage: Generating thumbnails for [1] asset(s) in package [/Game/ThirdPersonBP/Char/Idle_Anim] ([1] browsable assets)...
[2018.10.02-00.02.10:952][400]OBJ SavePackage:     Rendered thumbnail for [AnimSequence /Game/ThirdPersonBP/Char/Idle_Anim.Idle_Anim]
[2018.10.02-00.02.10:953][400]OBJ SavePackage: Finished generating thumbnails for package [/Game/ThirdPersonBP/Char/Idle_Anim]
[2018.10.02-00.02.11:024][400]LogSavePackage: Moving '../../../../../../Users/Student.SutterPeak14-HP/Documents/Unreal Projects/GunMan/Saved/Idle_Anim_Auto1A95C0D9A4D4501DE864AEB9002C9D6F2.tmp' to '../../../../../../Users/Student.SutterPeak14-HP/Documents/Unreal Projects/GunMan/Saved/Autosaves/Game/ThirdPersonBP/Char/Idle_Anim_Auto1.uasset'
[2018.10.02-00.02.11:031][400]LogFileHelpers: Auto-saving content packages took 4.285
[2018.10.02-00.02.35:617][492]LogSlate: Window 'Message Log' being destroyed
[2018.10.02-00.02.35:623][492]LogSlate: Window 'Message Log' being destroyed
[2018.10.02-00.02.44:362][551]LogFactory: FactoryCreateFile: StaticMesh with FbxFactory (0 0 ../../../../../../Users/Student.SutterPeak14-HP/Downloads/Running.fbx)
[2018.10.02-00.02.44:398][551]LogFbx: Loading FBX Scene from ../../../../../../Users/Student.SutterPeak14-HP/Downloads/Running.fbx
[2018.10.02-00.02.44:523][551]LogFbx: FBX Scene Loaded Succesfully
[2018.10.02-00.02.59:371][551]LogSlate: Window 'FBX Import Options' being destroyed
[2018.10.02-00.02.59:480][551]LogFbx: =================================================
[2018.10.02-00.02.59:480][551]LogFbx: Dumping Node START [skinCluster1Set] 
[2018.10.02-00.02.59:480][551]LogFbx: 	Total Deformer Count 653047296.
[2018.10.02-00.02.59:480][551]LogFbx: 		[Node 1] Skin (Type Skin).
[2018.10.02-00.02.59:480][551]LogFbx: =================================================
[2018.10.02-00.02.59:480][551]LogFbx: 	Attribute (skinCluster1Setmesh) Type (4).
[2018.10.02-00.02.59:480][551]LogFbx: 		[Node Attribute Child 1] skinCluster1Set (Type Mesh).
[2018.10.02-00.02.59:480][551]LogFbx: Dumping Node END [skinCluster1Set]
[2018.10.02-00.02.59:480][551]LogFbx: =================================================
[2018.10.02-00.02.59:480][551]LogFbx: Dumping Node START [Dummy_Mesh] 
[2018.10.02-00.02.59:480][551]LogFbx: 	Total Deformer Count 1234364544.
[2018.10.02-00.02.59:480][551]LogFbx: 		[Node 1] Skin (Type Skin).
[2018.10.02-00.02.59:481][551]LogFbx: =================================================
[2018.10.02-00.02.59:481][551]LogFbx: 	Attribute (Dummy_Meshmesh) Type (4).
[2018.10.02-00.02.59:481][551]LogFbx: 		[Node Attribute Child 1] Dummy_Mesh (Type Mesh).
[2018.10.02-00.02.59:481][551]LogFbx: Dumping Node END [Dummy_Mesh]
[2018.10.02-00.02.59:481][551]LogFbx: =================================================
[2018.10.02-00.02.59:481][551]LogFbx: Dumping Node START [skinCluster1Set] 
[2018.10.02-00.02.59:481][551]LogFbx: 	Total Deformer Count 653047456.
[2018.10.02-00.02.59:481][551]LogFbx: 		[Node 1] Skin (Type Skin).
[2018.10.02-00.02.59:481][551]LogFbx: =================================================
[2018.10.02-00.02.59:481][551]LogFbx: 	Attribute (skinCluster1Setmesh) Type (4).
[2018.10.02-00.02.59:481][551]LogFbx: 		[Node Attribute Child 1] skinCluster1Set (Type Mesh).
[2018.10.02-00.02.59:481][551]LogFbx: Dumping Node END [skinCluster1Set]
[2018.10.02-00.02.59:481][551]LogFbx: =================================================
[2018.10.02-00.02.59:481][551]LogFbx: Dumping Node START [Dummy_Mesh] 
[2018.10.02-00.02.59:481][551]LogFbx: 	Total Deformer Count 1234368256.
[2018.10.02-00.02.59:481][551]LogFbx: 		[Node 1] Skin (Type Skin).
[2018.10.02-00.02.59:481][551]LogFbx: =================================================
[2018.10.02-00.02.59:481][551]LogFbx: 	Attribute (Dummy_Meshmesh) Type (4).
[2018.10.02-00.02.59:482][551]LogFbx: 		[Node Attribute Child 1] Dummy_Mesh (Type Mesh).
[2018.10.02-00.02.59:482][551]LogFbx: Dumping Node END [Dummy_Mesh]
[2018.10.02-00.02.59:494][551]LogFbx: SortedLinks :(0) Hips
[2018.10.02-00.02.59:494][551]LogFbx: SortedLinks :(1) Spine
[2018.10.02-00.02.59:494][551]LogFbx: SortedLinks :(2) Spine1
[2018.10.02-00.02.59:494][551]LogFbx: SortedLinks :(3) Spine2
[2018.10.02-00.02.59:494][551]LogFbx: SortedLinks :(4) Neck
[2018.10.02-00.02.59:494][551]LogFbx: SortedLinks :(5) Head
[2018.10.02-00.02.59:494][551]LogFbx: SortedLinks :(6) HeadTop_End
[2018.10.02-00.02.59:494][551]LogFbx: SortedLinks :(7) LeftShoulder
[2018.10.02-00.02.59:494][551]LogFbx: SortedLinks :(8) LeftArm
[2018.10.02-00.02.59:494][551]LogFbx: SortedLinks :(9) LeftForeArm
[2018.10.02-00.02.59:494][551]LogFbx: SortedLinks :(10) LeftHand
[2018.10.02-00.02.59:494][551]LogFbx: SortedLinks :(11) LeftHandThumb1
[2018.10.02-00.02.59:495][551]LogFbx: SortedLinks :(12) LeftHandThumb2
[2018.10.02-00.02.59:495][551]LogFbx: SortedLinks :(13) LeftHandThumb3
[2018.10.02-00.02.59:495][551]LogFbx: SortedLinks :(14) LeftHandThumb4
[2018.10.02-00.02.59:495][551]LogFbx: SortedLinks :(15) LeftHandIndex1
[2018.10.02-00.02.59:495][551]LogFbx: SortedLinks :(16) LeftHandIndex2
[2018.10.02-00.02.59:495][551]LogFbx: SortedLinks :(17) LeftHandIndex3
[2018.10.02-00.02.59:495][551]LogFbx: SortedLinks :(18) LeftHandIndex4
[2018.10.02-00.02.59:495][551]LogFbx: SortedLinks :(19) LeftHandMiddle1
[2018.10.02-00.02.59:495][551]LogFbx: SortedLinks :(20) LeftHandMiddle2
[2018.10.02-00.02.59:495][551]LogFbx: SortedLinks :(21) LeftHandMiddle3
[2018.10.02-00.02.59:495][551]LogFbx: SortedLinks :(22) LeftHandMiddle4
[2018.10.02-00.02.59:495][551]LogFbx: SortedLinks :(23) LeftHandRing1
[2018.10.02-00.02.59:495][551]LogFbx: SortedLinks :(24) LeftHandRing2
[2018.10.02-00.02.59:495][551]LogFbx: SortedLinks :(25) LeftHandRing3
[2018.10.02-00.02.59:495][551]LogFbx: SortedLinks :(26) LeftHandRing4
[2018.10.02-00.02.59:495][551]LogFbx: SortedLinks :(27) LeftHandPinky1
[2018.10.02-00.02.59:495][551]LogFbx: SortedLinks :(28) LeftHandPinky2
[2018.10.02-00.02.59:495][551]LogFbx: SortedLinks :(29) LeftHandPinky3
[2018.10.02-00.02.59:496][551]LogFbx: SortedLinks :(30) LeftHandPinky4
[2018.10.02-00.02.59:496][551]LogFbx: SortedLinks :(31) RightShoulder
[2018.10.02-00.02.59:496][551]LogFbx: SortedLinks :(32) RightArm
[2018.10.02-00.02.59:496][551]LogFbx: SortedLinks :(33) RightForeArm
[2018.10.02-00.02.59:496][551]LogFbx: SortedLinks :(34) RightHand
[2018.10.02-00.02.59:496][551]LogFbx: SortedLinks :(35) RightHandThumb1
[2018.10.02-00.02.59:496][551]LogFbx: SortedLinks :(36) RightHandThumb2
[2018.10.02-00.02.59:496][551]LogFbx: SortedLinks :(37) RightHandThumb3
[2018.10.02-00.02.59:496][551]LogFbx: SortedLinks :(38) RightHandThumb4
[2018.10.02-00.02.59:496][551]LogFbx: SortedLinks :(39) RightHandIndex1
[2018.10.02-00.02.59:496][551]LogFbx: SortedLinks :(40) RightHandIndex2
[2018.10.02-00.02.59:496][551]LogFbx: SortedLinks :(41) RightHandIndex3
[2018.10.02-00.02.59:496][551]LogFbx: SortedLinks :(42) RightHandIndex4
[2018.10.02-00.02.59:496][551]LogFbx: SortedLinks :(43) RightHandMiddle1
[2018.10.02-00.02.59:496][551]LogFbx: SortedLinks :(44) RightHandMiddle2
[2018.10.02-00.02.59:496][551]LogFbx: SortedLinks :(45) RightHandMiddle3
[2018.10.02-00.02.59:496][551]LogFbx: SortedLinks :(46) RightHandMiddle4
[2018.10.02-00.02.59:496][551]LogFbx: SortedLinks :(47) RightHandRing1
[2018.10.02-00.02.59:496][551]LogFbx: SortedLinks :(48) RightHandRing2
[2018.10.02-00.02.59:496][551]LogFbx: SortedLinks :(49) RightHandRing3
[2018.10.02-00.02.59:496][551]LogFbx: SortedLinks :(50) RightHandRing4
[2018.10.02-00.02.59:497][551]LogFbx: SortedLinks :(51) RightHandPinky1
[2018.10.02-00.02.59:497][551]LogFbx: SortedLinks :(52) RightHandPinky2
[2018.10.02-00.02.59:497][551]LogFbx: SortedLinks :(53) RightHandPinky3
[2018.10.02-00.02.59:497][551]LogFbx: SortedLinks :(54) RightHandPinky4
[2018.10.02-00.02.59:497][551]LogFbx: SortedLinks :(55) LeftUpLeg
[2018.10.02-00.02.59:497][551]LogFbx: SortedLinks :(56) LeftLeg
[2018.10.02-00.02.59:497][551]LogFbx: SortedLinks :(57) LeftFoot
[2018.10.02-00.02.59:497][551]LogFbx: SortedLinks :(58) LeftToeBase
[2018.10.02-00.02.59:497][551]LogFbx: SortedLinks :(59) LeftToe_End
[2018.10.02-00.02.59:497][551]LogFbx: SortedLinks :(60) RightUpLeg
[2018.10.02-00.02.59:497][551]LogFbx: SortedLinks :(61) RightLeg
[2018.10.02-00.02.59:497][551]LogFbx: SortedLinks :(62) RightFoot
[2018.10.02-00.02.59:497][551]LogFbx: SortedLinks :(63) RightToeBase
[2018.10.02-00.02.59:497][551]LogFbx: SortedLinks :(64) RightToe_End
[2018.10.02-00.02.59:499][551]LogFbx: Parsing AnimStack mixamo.com
[2018.10.02-00.02.59:508][551]LogLinker: Can't find file '/Game/ThirdPersonBP/Char/Running'
[2018.10.02-00.02.59:508][551]LogLinker: Can't find file '/Game/ThirdPersonBP/Char/Running'
[2018.10.02-00.03.00:247][551]LogAnimationCompression: Building Anim DDC data for AnimSequence /Game/ThirdPersonBP/Char/Running.Running
[2018.10.02-00.03.00:250][551]LogAnimationCompression: Recompressing (AnimSequence /Engine/Transient.Running) using current/default (AnimCompress_BitwiseCompressOnly_0) bFirstRecompressUsingCurrentOrDefault(1) bTryAlternateCompressor(0) IsCompressedDataValid(0)
[2018.10.02-00.03.00:328][551]FBXImport: Warning: Ignoring mesh skinCluster1Set because it but no weights. 
[2018.10.02-00.03.35:817][ 52]LogSlate: Window 'Message Log' being destroyed
[2018.10.02-00.03.35:835][ 52]LogSlate: Window 'Message Log' being destroyed
[2018.10.02-00.10.46:640][501]LogFactory: FactoryCreateFile: StaticMesh with FbxFactory (0 0 ../../../../../../Users/Student.SutterPeak14-HP/Desktop/Gun.obj)
[2018.10.02-00.10.46:731][501]LogFbx: Loading FBX Scene from ../../../../../../Users/Student.SutterPeak14-HP/Desktop/Gun.obj
[2018.10.02-00.10.46:985][501]LogFbx: FBX Scene Loaded Succesfully
[2018.10.02-00.10.53:724][501]LogSlate: Window 'FBX Import Options' being destroyed
[2018.10.02-00.11.01:457][501]LogMaterial: Display: Missing cached shader map for material initialShadingGroup, compiling. 
[2018.10.02-00.11.02:677][501]LogShaderCompilers: Display: Shaders left to compile 22
[2018.10.02-00.11.02:677][501]LogShaderCompilers: Display: Shaders left to compile 12
[2018.10.02-00.11.02:678][501]LogShaderCompilers: Display: Shaders left to compile 2
[2018.10.02-00.11.03:127][501]LogFbx: Warning: Triangulating static mesh pCylinder3
[2018.10.02-00.11.04:088][501]LogStaticMesh: Building static mesh Gun...
[2018.10.02-00.11.06:344][501]LogStaticMesh: Built static mesh [2.33s] /Game/ThirdPersonBP/Char/Gun.Gun
[2018.10.02-00.12.12:765][ 53]LogFileHelpers: Editor autosave (incl. sublevels) for '/Game/ThirdPersonBP/Maps/ThirdPersonExampleMap' took 0.189
[2018.10.02-00.12.12:767][ 53]OBJ SavePackage: Generating thumbnails for [1] asset(s) in package [/Game/ThirdPersonBP/Char/Running] ([1] browsable assets)...
[2018.10.02-00.12.12:790][ 53]OBJ SavePackage:     Rendered thumbnail for [AnimSequence /Game/ThirdPersonBP/Char/Running.Running]
[2018.10.02-00.12.12:790][ 53]OBJ SavePackage: Finished generating thumbnails for package [/Game/ThirdPersonBP/Char/Running]
[2018.10.02-00.12.12:872][ 53]LogSavePackage: Moving '../../../../../../Users/Student.SutterPeak14-HP/Documents/Unreal Projects/GunMan/Saved/Running_Auto23C5642D4425B9245994B87A333E291E5.tmp' to '../../../../../../Users/Student.SutterPeak14-HP/Documents/Unreal Projects/GunMan/Saved/Autosaves/Game/ThirdPersonBP/Char/Running_Auto2.uasset'
[2018.10.02-00.12.12:874][ 53]OBJ SavePackage: Generating thumbnails for [1] asset(s) in package [/Game/ThirdPersonBP/Char/Gun] ([1] browsable assets)...
[2018.10.02-00.12.12:976][ 53]OBJ SavePackage:     Rendered thumbnail for [StaticMesh /Game/ThirdPersonBP/Char/Gun.Gun]
[2018.10.02-00.12.12:976][ 53]OBJ SavePackage: Finished generating thumbnails for package [/Game/ThirdPersonBP/Char/Gun]
[2018.10.02-00.12.13:085][ 53]LogSavePackage: Moving '../../../../../../Users/Student.SutterPeak14-HP/Documents/Unreal Projects/GunMan/Saved/Gun_Auto2E47BAA0E41742DEFFDD5CF8132030131.tmp' to '../../../../../../Users/Student.SutterPeak14-HP/Documents/Unreal Projects/GunMan/Saved/Autosaves/Game/ThirdPersonBP/Char/Gun_Auto2.uasset'
[2018.10.02-00.12.13:086][ 53]OBJ SavePackage: Generating thumbnails for [1] asset(s) in package [/Game/ThirdPersonBP/Char/initialShadingGroup] ([1] browsable assets)...
[2018.10.02-00.12.13:163][ 53]OBJ SavePackage:     Rendered thumbnail for [Material /Game/ThirdPersonBP/Char/initialShadingGroup.initialShadingGroup]
[2018.10.02-00.12.13:163][ 53]OBJ SavePackage: Finished generating thumbnails for package [/Game/ThirdPersonBP/Char/initialShadingGroup]
[2018.10.02-00.12.13:343][ 53]LogSavePackage: Moving '../../../../../../Users/Student.SutterPeak14-HP/Documents/Unreal Projects/GunMan/Saved/initialShadingGroup_Auto292F477E64412CDC4FDA61BA4ECB9027C.tmp' to '../../../../../../Users/Student.SutterPeak14-HP/Documents/Unreal Projects/GunMan/Saved/Autosaves/Game/ThirdPersonBP/Char/initialShadingGroup_Auto2.uasset'
[2018.10.02-00.12.13:345][ 53]LogFileHelpers: Auto-saving content packages took 0.579
[2018.10.02-00.26.14:143][566]LogHttp: Warning: 000000003E97FB00: request failed, libcurl error: 35 (SSL connect error)
[2018.10.02-00.26.14:143][566]LogHttp: Warning: 000000003E97FB00: libcurl info message cache 0 (Connection 21 seems to be dead!)
[2018.10.02-00.26.14:143][566]LogHttp: Warning: 000000003E97FB00: libcurl info message cache 1 (Closing connection 21)
[2018.10.02-00.26.14:143][566]LogHttp: Warning: 000000003E97FB00: libcurl info message cache 2 (TLSv1.2 (OUT), TLS alert, Client hello (1):)
[2018.10.02-00.26.14:143][566]LogHttp: Warning: 000000003E97FB00: libcurl info message cache 3 (  Trying 34.197.134.170...)
[2018.10.02-00.26.14:143][566]LogHttp: Warning: 000000003E97FB00: libcurl info message cache 4 (TCP_NODELAY set)
[2018.10.02-00.26.14:143][566]LogHttp: Warning: 000000003E97FB00: libcurl info message cache 5 (Connected to datarouter.ol.epicgames.com (34.197.134.170) port 443 (#22))
[2018.10.02-00.26.14:143][566]LogHttp: Warning: 000000003E97FB00: libcurl info message cache 6 (ALPN, offering http/1.1)
[2018.10.02-00.26.14:143][566]LogHttp: Warning: 000000003E97FB00: libcurl info message cache 7 (Cipher selection: ALL:!EXPORT:!EXPORT40:!EXPORT56:!aNULL:!LOW:!RC4:@STRENGTH)
[2018.10.02-00.26.14:144][566]LogHttp: Warning: 000000003E97FB00: libcurl info message cache 8 (SSL re-using session ID)
[2018.10.02-00.26.14:144][566]LogHttp: Warning: 000000003E97FB00: libcurl info message cache 9 (TLSv1.2 (OUT), TLS handshake, Client hello (1):)
[2018.10.02-00.26.14:144][566]LogHttp: Warning: 000000003E97FB00: libcurl info message cache 10 (TLSv1.2 (IN), TLS handshake, Server hello (2):)
[2018.10.02-00.26.14:144][566]LogHttp: Warning: 000000003E97FB00: libcurl info message cache 11 (TLSv1.2 (IN), TLS handshake, Certificate (11):)
[2018.10.02-00.26.14:144][566]LogHttp: Warning: 000000003E97FB00: libcurl info message cache 12 (TLSv1.2 (IN), TLS handshake, Server key exchange (12):)
[2018.10.02-00.26.14:144][566]LogHttp: Warning: 000000003E97FB00: libcurl info message cache 13 (TLSv1.2 (IN), TLS handshake, Server finished (14):)
[2018.10.02-00.26.14:144][566]LogHttp: Warning: 000000003E97FB00: libcurl info message cache 14 (TLSv1.2 (OUT), TLS handshake, Client key exchange (16):)
[2018.10.02-00.26.14:144][566]LogHttp: Warning: 000000003E97FB00: libcurl info message cache 15 (TLSv1.2 (OUT), TLS change cipher, Client hello (1):)
[2018.10.02-00.26.14:144][566]LogHttp: Warning: 000000003E97FB00: libcurl info message cache 16 (TLSv1.2 (OUT), TLS handshake, Finished (20):)
[2018.10.02-00.26.14:144][566]LogHttp: Warning: 000000003E97FB00: libcurl info message cache 17 (OpenSSL SSL_connect: SSL_ERROR_SYSCALL in connection to datarouter.ol.epicgames.com:443 )
[2018.10.02-00.26.14:144][566]LogHttp: Warning: 000000003E97FB00: libcurl info message cache 18 (Closing connection 22)
[2018.10.02-00.27.05:030][560]LogSlate: Window 'Pick Skeleton' being destroyed
[2018.10.02-00.27.22:737][788]LogAssetEditorManager: Opening Asset editor for BlendSpace1D /Game/ThirdPersonBP/Char/CharBSP.CharBSP
[2018.10.02-00.27.53:149][788]LogContentBrowser: Native class hierarchy updated for 'SkeletonEditor' in 0.1392 seconds. Added 1 classes and 2 folders.
[2018.10.02-00.28.11:682][788]LogD3D11RHI: Timed out while waiting for GPU to catch up. (0.5 s)
[2018.10.02-00.28.21:722][788]LogActorComponent: RegisterComponentWithWorld: (/Engine/Transient.World_7:PersistentLevel.AnimationEditorPreviewActor_0.DebugSkelMeshComponent_0) Already registered. Aborting.
[2018.10.02-00.28.22:582][788]LogContentBrowser: Native class hierarchy updated for 'PinnedCommandList' in 0.0555 seconds. Added 1 classes and 0 folders.
[2018.10.02-00.28.43:146][788]LogSkeletalMesh: USkeletalMeshComponent::InitArticulated : Bodies already created (/Engine/Transient.World_7:PersistentLevel.AnimationEditorPreviewActor_0.DebugSkelMeshComponent_0) - call TermArticulated first.
[2018.10.02-00.29.07:527][788]LogContentBrowser: Native class hierarchy updated for 'ClothingSystemEditorInterface' in 0.0450 seconds. Added 1 classes and 0 folders.
[2018.10.02-00.29.07:717][788]LogContentBrowser: Verbose: The majority of assets in the view are of type: AnimSequence
[2018.10.02-00.29.09:404][789]LogFileHelpers: Editor autosave (incl. sublevels) for '/Game/ThirdPersonBP/Maps/ThirdPersonExampleMap' took 0.568
[2018.10.02-00.29.09:432][789]OBJ SavePackage: Generating thumbnails for [1] asset(s) in package [/Game/ThirdPersonBP/Char/CharBSP] ([1] browsable assets)...
[2018.10.02-00.29.09:560][789]OBJ SavePackage:     Rendered thumbnail for [BlendSpace1D /Game/ThirdPersonBP/Char/CharBSP.CharBSP]
[2018.10.02-00.29.09:560][789]OBJ SavePackage: Finished generating thumbnails for package [/Game/ThirdPersonBP/Char/CharBSP]
[2018.10.02-00.29.10:178][789]LogSavePackage: Moving '../../../../../../Users/Student.SutterPeak14-HP/Documents/Unreal Projects/GunMan/Saved/CharBSP_Auto3387567E8455F51601CEE41A5E15E07C2.tmp' to '../../../../../../Users/Student.SutterPeak14-HP/Documents/Unreal Projects/GunMan/Saved/Autosaves/Game/ThirdPersonBP/Char/CharBSP_Auto3.uasset'
[2018.10.02-00.29.10:264][789]LogFileHelpers: Auto-saving content packages took 0.856
[2018.10.02-00.44.34:601][690]LogHttp: Warning: 0000000042B99E40: HTTP request timed out after 180.00 seconds URL=https://datarouter.ol.epicgames.com/datarouter/api/v1/public/data?SessionID=%7B81C82F20-44B4-AB83-0B4F-D9B4A5841EB8%7D&AppID=UEEditor.Rocket.Release&AppVersion=4.20.2-4302132%2B%2B%2BUE4%2BRelease-4.20&UserID=ba5d811944c0713ea6cbe4b28d6eeae3%7Cf0bb3a62a64848eda9cc60ece5b9e88f%7C7477738f-d592-417d-95af-668ed384707e&AppEnvironment=datacollector-binary&UploadType=eteventstream
[2018.10.02-00.44.34:601][690]LogHttp: Warning: 0000000042B99E40: request failed, libcurl error: 0 (No error)
[2018.10.02-00.44.34:601][690]LogHttp: Warning: 0000000042B99E40: libcurl info message cache 0 (Connection 27 seems to be dead!)
[2018.10.02-00.44.34:601][690]LogHttp: Warning: 0000000042B99E40: libcurl info message cache 1 (Closing connection 27)
[2018.10.02-00.44.34:601][690]LogHttp: Warning: 0000000042B99E40: libcurl info message cache 2 (TLSv1.2 (OUT), TLS alert, Client hello (1):)
[2018.10.02-00.44.34:601][690]LogHttp: Warning: 0000000042B99E40: libcurl info message cache 3 (  Trying 52.2.147.45...)
[2018.10.02-00.44.34:601][690]LogHttp: Warning: 0000000042B99E40: libcurl info message cache 4 (TCP_NODELAY set)
[2018.10.02-00.44.34:601][690]LogHttp: Warning: 0000000042B99E40: libcurl info message cache 5 (Connected to datarouter.ol.epicgames.com (52.2.147.45) port 443 (#28))
[2018.10.02-00.44.34:601][690]LogHttp: Warning: 0000000042B99E40: libcurl info message cache 6 (ALPN, offering http/1.1)
[2018.10.02-00.44.34:601][690]LogHttp: Warning: 0000000042B99E40: libcurl info message cache 7 (Cipher selection: ALL:!EXPORT:!EXPORT40:!EXPORT56:!aNULL:!LOW:!RC4:@STRENGTH)
[2018.10.02-00.44.34:601][690]LogHttp: Warning: 0000000042B99E40: libcurl info message cache 8 (SSL re-using session ID)
[2018.10.02-00.44.34:602][690]LogHttp: Warning: 0000000042B99E40: libcurl info message cache 9 (TLSv1.2 (OUT), TLS handshake, Client hello (1):)
[2018.10.02-00.44.34:602][690]LogHttp: Warning: 0000000042B99E40: libcurl info message cache 10 (TLSv1.2 (IN), TLS handshake, Server hello (2):)
[2018.10.02-00.44.34:602][690]LogHttp: Warning: 0000000042B99E40: libcurl info message cache 11 (Closing connection 28)
[2018.10.02-00.54.31:805][464]LogHttp: Warning: 0000000042B9A840: request failed, libcurl error: 6 (Couldn't resolve host name)
[2018.10.02-00.54.31:805][464]LogHttp: Warning: 0000000042B9A840: libcurl info message cache 0 (Found bundle for host datarouter.ol.epicgames.com: 0x569bfa0 [can pipeline])
[2018.10.02-00.54.31:805][464]LogHttp: Warning: 0000000042B9A840: libcurl info message cache 1 (Hostname in DNS cache was stale, zapped)
[2018.10.02-00.54.31:805][464]LogHttp: Warning: 0000000042B9A840: libcurl info message cache 2 (Could not resolve host: datarouter.ol.epicgames.com)
[2018.10.02-00.54.31:805][464]LogHttp: Warning: 0000000042B9A840: libcurl info message cache 3 (Closing connection 33)
[2018.10.02-00.55.31:700][642]LogHttp: Warning: 0000000042B99940: HTTP request timed out after 180.00 seconds URL=https://datarouter.ol.epicgames.com/datarouter/api/v1/public/data?SessionID=%7B81C82F20-44B4-AB83-0B4F-D9B4A5841EB8%7D&AppID=UEEditor.Rocket.Release&AppVersion=4.20.2-4302132%2B%2B%2BUE4%2BRelease-4.20&UserID=ba5d811944c0713ea6cbe4b28d6eeae3%7Cf0bb3a62a64848eda9cc60ece5b9e88f%7C7477738f-d592-417d-95af-668ed384707e&AppEnvironment=datacollector-binary&UploadType=eteventstream
[2018.10.02-00.55.31:701][642]LogHttp: Warning: 0000000042B99940: request failed, libcurl error: 0 (No error)
[2018.10.02-00.55.31:701][642]LogHttp: Warning: 0000000042B99940: libcurl info message cache 0 (Found bundle for host datarouter.ol.epicgames.com: 0x569bfa0 [can pipeline])
[2018.10.02-00.55.31:701][642]LogHttp: Warning: 0000000042B99940: libcurl info message cache 1 (Re-using existing connection! (#32) with host datarouter.ol.epicgames.com)
[2018.10.02-00.55.31:701][642]LogHttp: Warning: 0000000042B99940: libcurl info message cache 2 (Connected to datarouter.ol.epicgames.com (34.228.126.143) port 443 (#32))
[2018.10.02-00.55.31:701][642]LogHttp: Warning: 0000000042B99940: libcurl info message cache 3 (upload completely sent off: 761 out of 761 bytes)
[2018.10.02-00.55.31:701][642]LogHttp: Warning: 0000000042B99940: libcurl info message cache 4 (Closing connection 32)
[2018.10.02-00.55.31:701][642]LogHttp: Warning: 0000000042B99940: libcurl info message cache 5 (TLSv1.2 (OUT), TLS alert, Client hello (1):)
[2018.10.02-00.57.32:199][  0]LogHttp: Warning: 0000000049A52AC0: request failed, libcurl error: 6 (Couldn't resolve host name)
[2018.10.02-00.57.32:199][  0]LogHttp: Warning: 0000000049A52AC0: libcurl info message cache 0 (Could not resolve host: datarouter.ol.epicgames.com)
[2018.10.02-00.57.32:199][  0]LogHttp: Warning: 0000000049A52AC0: libcurl info message cache 1 (Closing connection 34)
[2018.10.02-00.59.32:708][358]LogHttp: Warning: 0000000049A52480: request failed, libcurl error: 6 (Couldn't resolve host name)
[2018.10.02-00.59.32:708][358]LogHttp: Warning: 0000000049A52480: libcurl info message cache 0 (Could not resolve host: datarouter.ol.epicgames.com)
[2018.10.02-00.59.32:708][358]LogHttp: Warning: 0000000049A52480: libcurl info message cache 1 (Closing connection 35)
[2018.10.02-01.01.33:287][716]LogHttp: Warning: 0000000049A53380: request failed, libcurl error: 6 (Couldn't resolve host name)
[2018.10.02-01.01.33:287][716]LogHttp: Warning: 0000000049A53380: libcurl info message cache 0 (Could not resolve host: datarouter.ol.epicgames.com)
[2018.10.02-01.01.33:287][716]LogHttp: Warning: 0000000049A53380: libcurl info message cache 1 (Closing connection 36)
[2018.10.02-01.03.33:829][ 74]LogHttp: Warning: 0000000049A52AC0: request failed, libcurl error: 6 (Couldn't resolve host name)
[2018.10.02-01.03.33:829][ 74]LogHttp: Warning: 0000000049A52AC0: libcurl info message cache 0 (Could not resolve host: datarouter.ol.epicgames.com)
[2018.10.02-01.03.33:829][ 74]LogHttp: Warning: 0000000049A52AC0: libcurl info message cache 1 (Closing connection 37)
[2018.10.02-01.05.34:439][432]LogHttp: Warning: 0000000049A52480: request failed, libcurl error: 6 (Couldn't resolve host name)
[2018.10.02-01.05.34:439][432]LogHttp: Warning: 0000000049A52480: libcurl info message cache 0 (Could not resolve host: datarouter.ol.epicgames.com)
[2018.10.02-01.05.34:439][432]LogHttp: Warning: 0000000049A52480: libcurl info message cache 1 (Closing connection 38)
[2018.10.02-01.07.35:007][790]LogHttp: Warning: 0000000049A53380: request failed, libcurl error: 6 (Couldn't resolve host name)
[2018.10.02-01.07.35:007][790]LogHttp: Warning: 0000000049A53380: libcurl info message cache 0 (Could not resolve host: datarouter.ol.epicgames.com)
[2018.10.02-01.07.35:007][790]LogHttp: Warning: 0000000049A53380: libcurl info message cache 1 (Closing connection 39)
[2018.10.02-01.09.35:537][148]LogHttp: Warning: 0000000049A52AC0: request failed, libcurl error: 6 (Couldn't resolve host name)
[2018.10.02-01.09.35:537][148]LogHttp: Warning: 0000000049A52AC0: libcurl info message cache 0 (Could not resolve host: datarouter.ol.epicgames.com)
[2018.10.02-01.09.35:537][148]LogHttp: Warning: 0000000049A52AC0: libcurl info message cache 1 (Closing connection 40)
[2018.10.02-01.11.36:119][506]LogHttp: Warning: 0000000049A52480: request failed, libcurl error: 6 (Couldn't resolve host name)
[2018.10.02-01.11.36:119][506]LogHttp: Warning: 0000000049A52480: libcurl info message cache 0 (Could not resolve host: datarouter.ol.epicgames.com)
[2018.10.02-01.11.36:119][506]LogHttp: Warning: 0000000049A52480: libcurl info message cache 1 (Closing connection 41)
[2018.10.02-01.13.36:698][864]LogHttp: Warning: 0000000049A53380: request failed, libcurl error: 6 (Couldn't resolve host name)
[2018.10.02-01.13.36:698][864]LogHttp: Warning: 0000000049A53380: libcurl info message cache 0 (Could not resolve host: datarouter.ol.epicgames.com)
[2018.10.02-01.13.36:698][864]LogHttp: Warning: 0000000049A53380: libcurl info message cache 1 (Closing connection 42)
[2018.10.02-01.15.37:242][222]LogHttp: Warning: 0000000049A52AC0: request failed, libcurl error: 6 (Couldn't resolve host name)
[2018.10.02-01.15.37:243][222]LogHttp: Warning: 0000000049A52AC0: libcurl info message cache 0 (Could not resolve host: datarouter.ol.epicgames.com)
[2018.10.02-01.15.37:243][222]LogHttp: Warning: 0000000049A52AC0: libcurl info message cache 1 (Closing connection 43)
[2018.10.02-01.17.37:790][580]LogHttp: Warning: 0000000049A52480: request failed, libcurl error: 6 (Couldn't resolve host name)
[2018.10.02-01.17.37:790][580]LogHttp: Warning: 0000000049A52480: libcurl info message cache 0 (Could not resolve host: datarouter.ol.epicgames.com)
[2018.10.02-01.17.37:790][580]LogHttp: Warning: 0000000049A52480: libcurl info message cache 1 (Closing connection 44)
[2018.10.02-01.19.38:346][938]LogHttp: Warning: 0000000049A53380: request failed, libcurl error: 6 (Couldn't resolve host name)
[2018.10.02-01.19.38:346][938]LogHttp: Warning: 0000000049A53380: libcurl info message cache 0 (Could not resolve host: datarouter.ol.epicgames.com)
[2018.10.02-01.19.38:347][938]LogHttp: Warning: 0000000049A53380: libcurl info message cache 1 (Closing connection 45)
[2018.10.02-15.42.49:932][722]LogSlate: Window 'CharBSP*' being destroyed
[2018.10.02-15.44.12:065][863]LogContentBrowser: Verbose: The majority of assets in the view are of type: Skeleton
[2018.10.02-15.44.21:395][863]LogSlate: Window 'Create Animation Blueprint' being destroyed
[2018.10.02-15.46.03:387][216]LogMetaData: Removing '/Game/ThirdPersonBP/Char/CharBP.CharBP:AnimGraph.AnimGraphNode_Root_0' ref from Metadata '/Game/ThirdPersonBP/Char/NewAnimBlueprint.PackageMetaData'
[2018.10.02-15.46.03:388][216]LogMetaData: Removing '/Game/ThirdPersonBP/Char/CharBP.SKEL_CharBP_C' ref from Metadata '/Game/ThirdPersonBP/Char/NewAnimBlueprint.PackageMetaData'
[2018.10.02-15.46.03:388][216]LogMetaData: Removing '/Game/ThirdPersonBP/Char/CharBP.CharBP_C' ref from Metadata '/Game/ThirdPersonBP/Char/NewAnimBlueprint.PackageMetaData'
[2018.10.02-15.46.03:388][216]LogMetaData: Removing '/Game/ThirdPersonBP/Char/CharBP.CharBP:EventGraph.K2Node_Event_0' ref from Metadata '/Game/ThirdPersonBP/Char/NewAnimBlueprint.PackageMetaData'
[2018.10.02-15.46.04:160][216]Cmd: OBJ SAVEPACKAGE PACKAGE="/Game/ThirdPersonBP/Char/CharBP" FILE="../../../../../../Users/Student.SutterPeak14-HP/Documents/Unreal Projects/GunMan/Content/ThirdPersonBP/Char/CharBP.uasset" SILENT=true
[2018.10.02-15.46.06:153][216]LogSavePackage: Moving '../../../../../../Users/Student.SutterPeak14-HP/Documents/Unreal Projects/GunMan/Saved/CharBPEAA41A034067B76A10E9AE96B8C3471D.tmp' to '../../../../../../Users/Student.SutterPeak14-HP/Documents/Unreal Projects/GunMan/Content/ThirdPersonBP/Char/CharBP.uasset'
[2018.10.02-15.46.44:105][386]LogAssetEditorManager: Opening Asset editor for AnimBlueprint /Game/ThirdPersonBP/Char/CharBP.CharBP
[2018.10.02-15.46.46:624][386]LogActorComponent: RegisterComponentWithWorld: (/Engine/Transient.World_12:PersistentLevel.AnimationEditorPreviewActor_0.DebugSkelMeshComponent_0) Already registered. Aborting.
[2018.10.02-15.46.56:792][386]LogContentBrowser: Native class hierarchy updated for 'BlueprintGraph' in 0.1584 seconds. Added 116 classes and 0 folders.
[2018.10.02-15.47.10:629][386]LogSkeletalMesh: USkeletalMeshComponent::InitArticulated : Bodies already created (/Engine/Transient.World_12:PersistentLevel.AnimationEditorPreviewActor_0.DebugSkelMeshComponent_0) - call TermArticulated first.
[2018.10.02-15.47.15:459][386]LogSlate: Took 0.052032 seconds to synchronously load lazily loaded font '../../../Engine/Content/Slate/Fonts/Roboto-BoldCondensed.ttf' (158K)
[2018.10.02-15.48.15:209][395]LogAssetEditorManager: Opening Asset editor for AnimBlueprint /Game/Mannequin/Animations/ThirdPerson_AnimBP.ThirdPerson_AnimBP
[2018.10.02-15.48.15:344][395]LogActorComponent: RegisterComponentWithWorld: (/Engine/Transient.World_16:PersistentLevel.AnimationEditorPreviewActor_0.DebugSkelMeshComponent_0) Already registered. Aborting.
[2018.10.02-15.48.16:037][395]LogSkeletalMesh: USkeletalMeshComponent::InitArticulated : Bodies already created (/Engine/Transient.World_16:PersistentLevel.AnimationEditorPreviewActor_0.DebugSkelMeshComponent_0) - call TermArticulated first.
[2018.10.02-15.48.22:428][615]LogSlate: Took 0.015438 seconds to synchronously load lazily loaded font '../../../Engine/Content/Slate/Fonts/Roboto-Italic.ttf' (157K)
[2018.10.02-15.48.36:970][293]BlueprintLog: New page: Compile CharBP
[2018.10.02-15.48.36:997][293]LogBlueprint: Warning: [Compiler CharBP] Could not find a variable named "IsInAir?" in 'CharBP_C'.
Make sure 'CharBP_C' has been compiled for  Set IsInAir?
[2018.10.02-15.48.36:998][293]LogBlueprint: Warning: [Compiler CharBP] Could not find a variable named "Speed" in 'CharBP_C'.
Make sure 'CharBP_C' has been compiled for  Set Speed
[2018.10.02-15.48.37:000][293]LogBlueprint: Warning: [Compiler CharBP] Could not find a variable named "IsInAir?" in 'CharBP_C'.
Make sure 'CharBP_C' has been compiled for  Set IsInAir?
[2018.10.02-15.48.37:001][293]LogBlueprint: Warning: [Compiler CharBP] Could not find a variable named "Speed" in 'CharBP_C'.
Make sure 'CharBP_C' has been compiled for  Set Speed
[2018.10.02-15.48.37:021][293]LogBlueprint: Error: [Compiler CharBP] The property associated with  Speed  could not be found in '/Game/ThirdPersonBP/Char/CharBP.CharBP_C'
[2018.10.02-15.48.37:021][293]LogBlueprint: Error: [Compiler CharBP] The property associated with  Is in Air?  could not be found in '/Game/ThirdPersonBP/Char/CharBP.CharBP_C'
[2018.10.02-15.48.37:487][293]LogBlueprint: Warning: [Compiler CharBP] [8836.87] Compile of CharBP failed. 2 Fatal Issue(s) 4 Warning(s) [in 516 ms] (/Game/ThirdPersonBP/Char/CharBP.CharBP)
[2018.10.02-15.49.10:109][294]BlueprintLog: New page: Compile CharBP
[2018.10.02-15.49.54:255][224]LogSlate: Took 0.013404 seconds to synchronously load lazily loaded font '../../../Engine/Content/Slate/Fonts/Roboto-BoldCondensedItalic.ttf' (160K)
[2018.10.02-15.50.06:933][808]BlueprintLog: New page: Compile CharBP
[2018.10.02-15.51.13:438][652]BlueprintLog: New page: Compile CharBP
[2018.10.02-15.51.13:460][652]LogBlueprint: Warning: [Compiler CharBP] Entry node  New State Machine  is not connected to state
[2018.10.02-15.51.13:460][652]LogBlueprint: Warning: [Compiler CharBP] There was no entry state connection in  New State Machine
[2018.10.02-15.51.14:870][652]LogBlueprint: Warning: [Compiler CharBP] [8994.25] Compile of CharBP successful, but with 2 Warning(s) [in 1,431 ms] (/Game/ThirdPersonBP/Char/CharBP.CharBP)
[2018.10.02-15.51.51:807][762]LogFileHelpers: Editor autosave (incl. sublevels) for '/Game/ThirdPersonBP/Maps/ThirdPersonExampleMap' took 0.156
[2018.10.02-15.51.51:821][762]OBJ SavePackage: Generating thumbnails for [1] asset(s) in package [/Game/ThirdPersonBP/Char/CharBSP] ([1] browsable assets)...
[2018.10.02-15.51.51:875][762]OBJ SavePackage:     Rendered thumbnail for [BlendSpace1D /Game/ThirdPersonBP/Char/CharBSP.CharBSP]
[2018.10.02-15.51.51:875][762]OBJ SavePackage: Finished generating thumbnails for package [/Game/ThirdPersonBP/Char/CharBSP]
[2018.10.02-15.51.51:898][762]LogSavePackage: Moving '../../../../../../Users/Student.SutterPeak14-HP/Documents/Unreal Projects/GunMan/Saved/CharBSP_Auto48B13173B4DCA93086C93CEAA78B0CF2B.tmp' to '../../../../../../Users/Student.SutterPeak14-HP/Documents/Unreal Projects/GunMan/Saved/Autosaves/Game/ThirdPersonBP/Char/CharBSP_Auto4.uasset'
[2018.10.02-15.51.51:920][762]OBJ SavePackage: Generating thumbnails for [1] asset(s) in package [/Game/ThirdPersonBP/Char/CharBP] ([1] browsable assets)...
[2018.10.02-15.51.51:944][762]OBJ SavePackage:     Rendered thumbnail for [AnimBlueprint /Game/ThirdPersonBP/Char/CharBP.CharBP]
[2018.10.02-15.51.51:944][762]OBJ SavePackage: Finished generating thumbnails for package [/Game/ThirdPersonBP/Char/CharBP]
[2018.10.02-15.51.52:019][762]LogSavePackage: Moving '../../../../../../Users/Student.SutterPeak14-HP/Documents/Unreal Projects/GunMan/Saved/CharBP_Auto459D0B5FC49CFBE6F10ED3581E86FC5E0.tmp' to '../../../../../../Users/Student.SutterPeak14-HP/Documents/Unreal Projects/GunMan/Saved/Autosaves/Game/ThirdPersonBP/Char/CharBP_Auto4.uasset'
[2018.10.02-15.51.52:020][762]LogFileHelpers: Auto-saving content packages took 0.211
[2018.10.02-15.55.01:884][215]BlueprintLog: New page: Compile CharBP
[2018.10.02-15.55.12:397][517]LogSavePackage: Moving '../../../../../../Users/Student.SutterPeak14-HP/Documents/Unreal Projects/GunMan/Saved/ThirdPersonExampleMap84E5F69949FBECB93A297CAB200A38B4.tmp' to '../../../../../../Users/Student.SutterPeak14-HP/Documents/Unreal Projects/GunMan/Content/ThirdPersonBP/Maps/ThirdPersonExampleMap.umap'
[2018.10.02-15.55.13:918][517]LogSavePackage: Moving '../../../../../../Users/Student.SutterPeak14-HP/Documents/Unreal Projects/GunMan/Saved/ThirdPersonExampleMap_BuiltData86AE2E6C4417D2F307721492A38FCFAD.tmp' to '../../../../../../Users/Student.SutterPeak14-HP/Documents/Unreal Projects/GunMan/Content/ThirdPersonBP/Maps/ThirdPersonExampleMap_BuiltData.uasset'
[2018.10.02-15.57.24:959][365]LogEditorViewport: Clicking on Actor (LMB): ThirdPersonCharacter_C (ThirdPersonCharacter)
[2018.10.02-15.57.29:189][366]LogEditorViewport: Clicking on Actor (LMB): ThirdPersonCharacter_C (ThirdPersonCharacter)
[2018.10.02-15.57.32:983][445]LogSlate: FSceneViewport::OnFocusLost() reason 0
[2018.10.02-15.57.39:864][627]LogEditorViewport: Clicking on Actor (LMB): StaticMeshActor (Floor)
[2018.10.02-15.57.42:634][705]LogSlate: FSceneViewport::OnFocusLost() reason 0
[2018.10.02-15.57.48:958][913]LogEditorViewport: Clicking on Actor (LMB): ThirdPersonCharacter_C (ThirdPersonCharacter)
[2018.10.02-15.57.53:442][ 24]LogSlate: FSceneViewport::OnFocusLost() reason 0
[2018.10.02-15.57.53:646][ 29]LogAssetEditorManager: Opening Asset editor for Blueprint /Game/ThirdPersonBP/Blueprints/ThirdPersonCharacter.ThirdPersonCharacter
[2018.10.02-15.58.01:540][306]LogRenderer: Reallocating scene render targets to support 856x464 Format 9 NumSamples 1 (Frame:1).
[2018.10.02-15.58.06:898][437]LogSlate: FSceneViewport::OnFocusLost() reason 2
[2018.10.02-15.58.09:486][565]LogAnimation: Warning: AnimBP ThirdPerson_AnimBP_C is incompatible with skeleton Idle_Skeleton, removing AnimBP from actor.
[2018.10.02-15.58.09:490][565]LogAnimation: Warning: AnimBP ThirdPerson_AnimBP_C is incompatible with skeleton Idle_Skeleton, removing AnimBP from actor.
[2018.10.02-15.58.09:490][565]LogAnimation: Warning: AnimBP ThirdPerson_AnimBP_C is incompatible with skeleton Idle_Skeleton, removing AnimBP from actor.
[2018.10.02-15.58.17:406][807]LogClass: Warning: In asset 'None', there is an enum property of type 'EAnimationMode' with an invalid value of ''
[2018.10.02-15.58.17:406][807]LogClass: Warning: In asset 'None', there is an enum property of type 'EAnimationMode' with an invalid value of ''
[2018.10.02-15.58.17:438][807]LogSlate: FSceneViewport::OnFocusLost() reason 2
[2018.10.02-15.58.20:182][965]LogSlate: Prevented a slow task dialog from being summoned while a context menu was open
[2018.10.02-15.58.27:662][306]BlueprintLog: New page: Compile ThirdPersonCharacter
[2018.10.02-15.58.46:960][975]LogTemp: Repeating last play command: Selected Viewport
[2018.10.02-15.58.47:230][975]LogBlueprintUserMessages: Early PlayInEditor Detection: Level '/Game/ThirdPersonBP/Maps/ThirdPersonExampleMap.ThirdPersonExampleMap:PersistentLevel' has LevelScriptBlueprint '/Game/ThirdPersonBP/Maps/ThirdPersonExampleMap.ThirdPersonExampleMap:PersistentLevel.ThirdPersonExampleMap' with GeneratedClass '/Game/ThirdPersonBP/Maps/ThirdPersonExampleMap.ThirdPersonExampleMap_C' with ClassGeneratedBy '/Game/ThirdPersonBP/Maps/ThirdPersonExampleMap.ThirdPersonExampleMap:PersistentLevel.ThirdPersonExampleMap'
[2018.10.02-15.58.47:254][975]LogPlayLevel: PlayLevel: No blueprints needed recompiling
[2018.10.02-15.58.48:203][975]PIE: New page: PIE session: ThirdPersonExampleMap (Oct 2, 2018, 1:58:47 AM)
[2018.10.02-15.58.48:230][975]LogPlayLevel: Creating play world package: /Game/ThirdPersonBP/Maps/UEDPIE_0_ThirdPersonExampleMap
[2018.10.02-15.58.48:885][975]LogPlayLevel: PIE: StaticDuplicateObject took: (0.654813s)
[2018.10.02-15.58.48:942][975]LogAIModule: Creating AISystem for world ThirdPersonExampleMap
[2018.10.02-15.58.49:102][975]LogPlayLevel: PIE: World Init took: (0.216011s)
[2018.10.02-15.58.49:110][975]LogPlayLevel: PIE: Created PIE world by copying editor world from /Game/ThirdPersonBP/Maps/ThirdPersonExampleMap.ThirdPersonExampleMap to /Game/ThirdPersonBP/Maps/UEDPIE_0_ThirdPersonExampleMap.ThirdPersonExampleMap (0.888554s)
[2018.10.02-15.58.49:603][975]LogInit: XAudio2 using 'Speaker/HP (Realtek High Definition Audio)' : 2 channels at 48 kHz using 32 bits per sample (channel mask 0x3)
[2018.10.02-15.58.50:112][975]LogInit: FAudioDevice initialized.
[2018.10.02-15.58.50:316][975]LogSlate: Updating window title bar state: overlay mode, drag disabled, window buttons hidden, title bar hidden
[2018.10.02-15.58.50:846][975]LogLoad: Game class is 'ThirdPersonGameMode_C'
[2018.10.02-15.58.50:985][975]LogWorld: Bringing World /Game/ThirdPersonBP/Maps/UEDPIE_0_ThirdPersonExampleMap.ThirdPersonExampleMap up for play (max tick rate 0) at 2018.10.02-08.58.50
[2018.10.02-15.58.51:000][975]LogWorld: Bringing up level for play took: 0.152253
[2018.10.02-15.58.51:974][975]LogContentBrowser: Native class hierarchy updated for 'MovieSceneCapture' in 0.0609 seconds. Added 10 classes and 0 folders.
[2018.10.02-15.58.52:126][975]PIE: Play in editor start time for /Game/ThirdPersonBP/Maps/UEDPIE_0_ThirdPersonExampleMap 4.761
[2018.10.02-15.58.52:134][975]LogBlueprintUserMessages: Late PlayInEditor Detection: Level '/Game/ThirdPersonBP/Maps/ThirdPersonExampleMap.ThirdPersonExampleMap:PersistentLevel' has LevelScriptBlueprint '/Game/ThirdPersonBP/Maps/ThirdPersonExampleMap.ThirdPersonExampleMap:PersistentLevel.ThirdPersonExampleMap' with GeneratedClass '/Game/ThirdPersonBP/Maps/ThirdPersonExampleMap.ThirdPersonExampleMap_C' with ClassGeneratedBy '/Game/ThirdPersonBP/Maps/ThirdPersonExampleMap.ThirdPersonExampleMap:PersistentLevel.ThirdPersonExampleMap'
[2018.10.02-15.59.13:814][852]LogBlueprintUserMessages: Early EndPlayMap Detection: Level '/Game/ThirdPersonBP/Maps/ThirdPersonExampleMap.ThirdPersonExampleMap:PersistentLevel' has LevelScriptBlueprint '/Game/ThirdPersonBP/Maps/ThirdPersonExampleMap.ThirdPersonExampleMap:PersistentLevel.ThirdPersonExampleMap' with GeneratedClass '/Game/ThirdPersonBP/Maps/ThirdPersonExampleMap.ThirdPersonExampleMap_C' with ClassGeneratedBy '/Game/ThirdPersonBP/Maps/ThirdPersonExampleMap.ThirdPersonExampleMap:PersistentLevel.ThirdPersonExampleMap'
[2018.10.02-15.59.13:815][852]LogSlate: Updating window title bar state: overlay mode, drag disabled, window buttons hidden, title bar hidden
[2018.10.02-15.59.13:829][852]LogSlate: Window 'GunMan Game Preview Standalone (64-bit/PCD3D_SM5)' being destroyed
[2018.10.02-15.59.13:916][852]LogPlayLevel: Display: Shutting down PIE online subsystems
[2018.10.02-15.59.13:916][852]LogBlueprintUserMessages: Late EndPlayMap Detection: Level '/Game/ThirdPersonBP/Maps/ThirdPersonExampleMap.ThirdPersonExampleMap:PersistentLevel' has LevelScriptBlueprint '/Game/ThirdPersonBP/Maps/ThirdPersonExampleMap.ThirdPersonExampleMap:PersistentLevel.ThirdPersonExampleMap' with GeneratedClass '/Game/ThirdPersonBP/Maps/ThirdPersonExampleMap.ThirdPersonExampleMap_C' with ClassGeneratedBy '/Game/ThirdPersonBP/Maps/ThirdPersonExampleMap.ThirdPersonExampleMap:PersistentLevel.ThirdPersonExampleMap'
[2018.10.02-15.59.14:158][853]LogPlayLevel: Display: Destroying online subsystem :Context_20
[2018.10.02-15.59.20:507][ 50]LogSavePackage: Moving '../../../../../../Users/Student.SutterPeak14-HP/Documents/Unreal Projects/GunMan/Saved/ThirdPersonExampleMapD1E7CE114D4CFF56F70333B2BE11C6B7.tmp' to '../../../../../../Users/Student.SutterPeak14-HP/Documents/Unreal Projects/GunMan/Content/ThirdPersonBP/Maps/ThirdPersonExampleMap.umap'
[2018.10.02-15.59.21:280][ 50]LogSavePackage: Moving '../../../../../../Users/Student.SutterPeak14-HP/Documents/Unreal Projects/GunMan/Saved/ThirdPersonExampleMap_BuiltDataC824F2A04268897175024AA16C34A99B.tmp' to '../../../../../../Users/Student.SutterPeak14-HP/Documents/Unreal Projects/GunMan/Content/ThirdPersonBP/Maps/ThirdPersonExampleMap_BuiltData.uasset'
[2018.10.02-15.59.26:936][225]LogSavePackage: Moving '../../../../../../Users/Student.SutterPeak14-HP/Documents/Unreal Projects/GunMan/Saved/ThirdPerson_AnimBPF3E5D0FB4ADF4D347500D6A75D236BF7.tmp' to '../../../../../../Users/Student.SutterPeak14-HP/Documents/Unreal Projects/GunMan/Content/Mannequin/Animations/ThirdPerson_AnimBP.uasset'
[2018.10.02-15.59.54:800][ 28]LogSlate: Window 'Save Content' being destroyed
[2018.10.02-15.59.55:097][ 28]LogSavePackage: Moving '../../../../../../Users/Student.SutterPeak14-HP/Documents/Unreal Projects/GunMan/Saved/ThirdPersonCharacter6F11CF824A0B4E4C8C311687C020735A.tmp' to '../../../../../../Users/Student.SutterPeak14-HP/Documents/Unreal Projects/GunMan/Content/ThirdPersonBP/Blueprints/ThirdPersonCharacter.uasset'
[2018.10.02-15.59.55:127][ 28]Cmd: OBJ SAVEPACKAGE PACKAGE="/Game/ThirdPersonBP/Char/CharBP" FILE="../../../../../../Users/Student.SutterPeak14-HP/Documents/Unreal Projects/GunMan/Content/ThirdPersonBP/Char/CharBP.uasset" SILENT=true
[2018.10.02-15.59.55:176][ 28]LogSavePackage: Moving '../../../../../../Users/Student.SutterPeak14-HP/Documents/Unreal Projects/GunMan/Saved/CharBPB11BEE88458472C8A637079AD95D1EF0.tmp' to '../../../../../../Users/Student.SutterPeak14-HP/Documents/Unreal Projects/GunMan/Content/ThirdPersonBP/Char/CharBP.uasset'
[2018.10.02-15.59.55:187][ 28]LogSavePackage: Moving '../../../../../../Users/Student.SutterPeak14-HP/Documents/Unreal Projects/GunMan/Saved/CharBSP9B4CC1AE4B036518CD7203ACDFBF7672.tmp' to '../../../../../../Users/Student.SutterPeak14-HP/Documents/Unreal Projects/GunMan/Content/ThirdPersonBP/Char/CharBSP.uasset'
[2018.10.02-15.59.55:193][ 28]Cmd: OBJ SAVEPACKAGE PACKAGE="/Game/ThirdPersonBP/Char/Gun" FILE="../../../../../../Users/Student.SutterPeak14-HP/Documents/Unreal Projects/GunMan/Content/ThirdPersonBP/Char/Gun.uasset" SILENT=true
[2018.10.02-15.59.55:238][ 28]LogSavePackage: Moving '../../../../../../Users/Student.SutterPeak14-HP/Documents/Unreal Projects/GunMan/Saved/Gun4E4A833543B3B560A0EFF591F17AFCEC.tmp' to '../../../../../../Users/Student.SutterPeak14-HP/Documents/Unreal Projects/GunMan/Content/ThirdPersonBP/Char/Gun.uasset'
[2018.10.02-15.59.55:244][ 28]Cmd: OBJ SAVEPACKAGE PACKAGE="/Game/ThirdPersonBP/Char/Idle" FILE="../../../../../../Users/Student.SutterPeak14-HP/Documents/Unreal Projects/GunMan/Content/ThirdPersonBP/Char/Idle.uasset" SILENT=true
[2018.10.02-15.59.55:390][ 28]LogSavePackage: Moving '../../../../../../Users/Student.SutterPeak14-HP/Documents/Unreal Projects/GunMan/Saved/Idle4F56050B40C2E0A2B064FEA2F1AD6AD9.tmp' to '../../../../../../Users/Student.SutterPeak14-HP/Documents/Unreal Projects/GunMan/Content/ThirdPersonBP/Char/Idle.uasset'
[2018.10.02-15.59.55:530][ 28]LogSavePackage: Moving '../../../../../../Users/Student.SutterPeak14-HP/Documents/Unreal Projects/GunMan/Saved/Idle_Anim4CFEC6CC467D557CA57A529E4A415AA4.tmp' to '../../../../../../Users/Student.SutterPeak14-HP/Documents/Unreal Projects/GunMan/Content/ThirdPersonBP/Char/Idle_Anim.uasset'
[2018.10.02-15.59.55:682][ 28]LogSavePackage: Moving '../../../../../../Users/Student.SutterPeak14-HP/Documents/Unreal Projects/GunMan/Saved/Idle_PhysicsAsset3BB80C204180DDE3C1E16CBA6F79EFD2.tmp' to '../../../../../../Users/Student.SutterPeak14-HP/Documents/Unreal Projects/GunMan/Content/ThirdPersonBP/Char/Idle_PhysicsAsset.uasset'
[2018.10.02-15.59.55:701][ 28]LogSavePackage: Moving '../../../../../../Users/Student.SutterPeak14-HP/Documents/Unreal Projects/GunMan/Saved/Idle_Skeleton36488C9E4BC26DF11427988145530C05.tmp' to '../../../../../../Users/Student.SutterPeak14-HP/Documents/Unreal Projects/GunMan/Content/ThirdPersonBP/Char/Idle_Skeleton.uasset'
[2018.10.02-15.59.55:751][ 28]LogSavePackage: Moving '../../../../../../Users/Student.SutterPeak14-HP/Documents/Unreal Projects/GunMan/Saved/initialShadingGroup71001A4843534EB488FCB5B253BCEF9E.tmp' to '../../../../../../Users/Student.SutterPeak14-HP/Documents/Unreal Projects/GunMan/Content/ThirdPersonBP/Char/initialShadingGroup.uasset'
[2018.10.02-15.59.55:796][ 28]LogSavePackage: Moving '../../../../../../Users/Student.SutterPeak14-HP/Documents/Unreal Projects/GunMan/Saved/Running293BF47F49E1EA33484D5684D86BD279.tmp' to '../../../../../../Users/Student.SutterPeak14-HP/Documents/Unreal Projects/GunMan/Content/ThirdPersonBP/Char/Running.uasset'
[2018.10.02-15.59.56:095][ 28]LogSlate: Window 'GunMan - Unreal Editor' being destroyed
[2018.10.02-16.00.01:078][ 29]Cmd: QUIT_EDITOR
[2018.10.02-16.00.12:435][ 29]LogExit: Preparing to exit.
